kotlin version: 2.0.0
error message: org.jetbrains.kotlin.backend.common.BackendException: Backend Internal error: Exception during IR lowering
File being compiled: D:/SANTHOSH/PS/Android/AlienTask/Snackbar/src/main/java/com/alienspace/snackbar/ObserverEvents.kt
The root cause java.lang.RuntimeException was thrown at: org.jetbrains.kotlin.backend.jvm.codegen.FunctionCodegen.generate(FunctionCodegen.kt:50)
	at org.jetbrains.kotlin.backend.common.CodegenUtil.reportBackendException(CodegenUtil.kt:253)
	at org.jetbrains.kotlin.backend.common.CodegenUtil.reportBackendException$default(CodegenUtil.kt:236)
	at org.jetbrains.kotlin.backend.common.phaser.PerformByIrFilePhase.invokeSequential(performByIrFile.kt:65)
	at org.jetbrains.kotlin.backend.common.phaser.PerformByIrFilePhase.invoke(performByIrFile.kt:52)
	at org.jetbrains.kotlin.backend.common.phaser.PerformByIrFilePhase.invoke(performByIrFile.kt:38)
	at org.jetbrains.kotlin.backend.common.phaser.NamedCompilerPhase.phaseBody(CompilerPhase.kt:166)
	at org.jetbrains.kotlin.backend.common.phaser.AbstractNamedCompilerPhase.invoke(CompilerPhase.kt:113)
	at org.jetbrains.kotlin.backend.common.phaser.CompositePhase.invoke(PhaseBuilders.kt:29)
	at org.jetbrains.kotlin.backend.common.phaser.CompositePhase.invoke(PhaseBuilders.kt:16)
	at org.jetbrains.kotlin.backend.common.phaser.NamedCompilerPhase.phaseBody(CompilerPhase.kt:166)
	at org.jetbrains.kotlin.backend.common.phaser.AbstractNamedCompilerPhase.invoke(CompilerPhase.kt:113)
	at org.jetbrains.kotlin.backend.common.phaser.CompilerPhaseKt.invokeToplevel(CompilerPhase.kt:62)
	at org.jetbrains.kotlin.backend.jvm.JvmIrCodegenFactory.invokeCodegen(JvmIrCodegenFactory.kt:371)
	at org.jetbrains.kotlin.codegen.CodegenFactory.generateModule(CodegenFactory.kt:47)
	at org.jetbrains.kotlin.backend.jvm.JvmIrCodegenFactory.generateModuleInFrontendIRMode(JvmIrCodegenFactory.kt:433)
	at org.jetbrains.kotlin.cli.jvm.compiler.pipeline.JvmCompilerPipelineKt.generateCodeFromIr(jvmCompilerPipeline.kt:241)
	at org.jetbrains.kotlin.cli.jvm.compiler.pipeline.JvmCompilerPipelineKt.compileModulesUsingFrontendIrAndLightTree(jvmCompilerPipeline.kt:140)
	at org.jetbrains.kotlin.cli.jvm.K2JVMCompiler.doExecute(K2JVMCompiler.kt:155)
	at org.jetbrains.kotlin.cli.jvm.K2JVMCompiler.doExecute(K2JVMCompiler.kt:50)
	at org.jetbrains.kotlin.cli.common.CLICompiler.execImpl(CLICompiler.kt:104)
	at org.jetbrains.kotlin.cli.common.CLICompiler.execImpl(CLICompiler.kt:48)
	at org.jetbrains.kotlin.cli.common.CLITool.exec(CLITool.kt:101)
	at org.jetbrains.kotlin.incremental.IncrementalJvmCompilerRunner.runCompiler(IncrementalJvmCompilerRunner.kt:453)
	at org.jetbrains.kotlin.incremental.IncrementalJvmCompilerRunner.runCompiler(IncrementalJvmCompilerRunner.kt:62)
	at org.jetbrains.kotlin.incremental.IncrementalCompilerRunner.doCompile(IncrementalCompilerRunner.kt:506)
	at org.jetbrains.kotlin.incremental.IncrementalCompilerRunner.compileImpl(IncrementalCompilerRunner.kt:423)
	at org.jetbrains.kotlin.incremental.IncrementalCompilerRunner.compileNonIncrementally(IncrementalCompilerRunner.kt:301)
	at org.jetbrains.kotlin.incremental.IncrementalCompilerRunner.compile(IncrementalCompilerRunner.kt:129)
	at org.jetbrains.kotlin.daemon.CompileServiceImplBase.execIncrementalCompiler(CompileServiceImpl.kt:676)
	at org.jetbrains.kotlin.daemon.CompileServiceImplBase.access$execIncrementalCompiler(CompileServiceImpl.kt:92)
	at org.jetbrains.kotlin.daemon.CompileServiceImpl.compile(CompileServiceImpl.kt:1661)
	at java.base/jdk.internal.reflect.NativeMethodAccessorImpl.invoke0(Native Method)
	at java.base/jdk.internal.reflect.NativeMethodAccessorImpl.invoke(NativeMethodAccessorImpl.java:77)
	at java.base/jdk.internal.reflect.DelegatingMethodAccessorImpl.invoke(DelegatingMethodAccessorImpl.java:43)
	at java.base/java.lang.reflect.Method.invoke(Method.java:568)
	at java.rmi/sun.rmi.server.UnicastServerRef.dispatch(UnicastServerRef.java:360)
	at java.rmi/sun.rmi.transport.Transport$1.run(Transport.java:200)
	at java.rmi/sun.rmi.transport.Transport$1.run(Transport.java:197)
	at java.base/java.security.AccessController.doPrivileged(AccessController.java:712)
	at java.rmi/sun.rmi.transport.Transport.serviceCall(Transport.java:196)
	at java.rmi/sun.rmi.transport.tcp.TCPTransport.handleMessages(TCPTransport.java:587)
	at java.rmi/sun.rmi.transport.tcp.TCPTransport$ConnectionHandler.run0(TCPTransport.java:828)
	at java.rmi/sun.rmi.transport.tcp.TCPTransport$ConnectionHandler.lambda$run$0(TCPTransport.java:705)
	at java.base/java.security.AccessController.doPrivileged(AccessController.java:399)
	at java.rmi/sun.rmi.transport.tcp.TCPTransport$ConnectionHandler.run(TCPTransport.java:704)
	at java.base/java.util.concurrent.ThreadPoolExecutor.runWorker(ThreadPoolExecutor.java:1136)
	at java.base/java.util.concurrent.ThreadPoolExecutor$Worker.run(ThreadPoolExecutor.java:635)
	at java.base/java.lang.Thread.run(Thread.java:840)
Caused by: java.lang.RuntimeException: Exception while generating code for:
FUN name:ObserveAsEvents visibility:public modality:FINAL <T> (flow:kotlinx.coroutines.flow.Flow<T of com.alienspace.snackbar.ObserverEventsKt.ObserveAsEvents>, key1:kotlin.Any?, key2:kotlin.Any?, onEvent:kotlin.Function1<T of com.alienspace.snackbar.ObserverEventsKt.ObserveAsEvents, kotlin.Unit>) returnType:kotlin.Unit
  annotations:
    Composable
  TYPE_PARAMETER name:T index:0 variance: superTypes:[kotlin.Any?] reified:false
  VALUE_PARAMETER name:flow index:0 type:kotlinx.coroutines.flow.Flow<T of com.alienspace.snackbar.ObserverEventsKt.ObserveAsEvents>
  VALUE_PARAMETER name:key1 index:1 type:kotlin.Any?
    EXPRESSION_BODY
      ERROR_EXPR 'Default Stub' type=kotlin.Any?
  VALUE_PARAMETER name:key2 index:2 type:kotlin.Any?
    EXPRESSION_BODY
      ERROR_EXPR 'Default Stub' type=kotlin.Any?
  VALUE_PARAMETER name:onEvent index:3 type:kotlin.Function1<T of com.alienspace.snackbar.ObserverEventsKt.ObserveAsEvents, kotlin.Unit>
  BLOCK_BODY
    VAR name:lifecycleOwner type:androidx.lifecycle.LifecycleOwner [val]
      CALL 'public final fun <get-current> (): T of androidx.compose.runtime.CompositionLocal [inline] declared in androidx.compose.runtime.CompositionLocal' type=androidx.lifecycle.LifecycleOwner origin=GET_PROPERTY
        $this: TYPE_OP type=androidx.compose.runtime.CompositionLocal<T of androidx.compose.runtime.CompositionLocal> origin=IMPLICIT_CAST typeOperand=androidx.compose.runtime.CompositionLocal<T of androidx.compose.runtime.CompositionLocal>
          CALL 'public final fun <get-LocalLifecycleOwner> (): androidx.compose.runtime.ProvidableCompositionLocal<androidx.lifecycle.LifecycleOwner> declared in androidx.compose.ui.platform.AndroidCompositionLocals_androidKt' type=androidx.compose.runtime.ProvidableCompositionLocal<androidx.lifecycle.LifecycleOwner> origin=GET_PROPERTY
    CALL 'public final fun LaunchedEffect (vararg keys: kotlin.Any?, block: @[ExtensionFunctionType] kotlin.coroutines.SuspendFunction1<kotlinx.coroutines.CoroutineScope, kotlin.Unit>): kotlin.Unit declared in androidx.compose.runtime.EffectsKt' type=kotlin.Unit origin=null
      keys: BLOCK type=kotlin.Array<out kotlin.Any?> origin=null
        VAR IR_TEMPORARY_VARIABLE name:tmp0 type:kotlin.Array<out kotlin.Any?> [val]
          CALL 'public final fun arrayOfNulls <T> (size: kotlin.Int): kotlin.Array<T of kotlin.arrayOfNulls?> declared in kotlin' type=kotlin.Array<out kotlin.Any?> origin=null
            <T>: kotlin.Any?
            size: CONST Int type=kotlin.Int value=4
        CALL 'public final fun set (index: kotlin.Int, value: T of kotlin.Array): kotlin.Unit [operator] declared in kotlin.Array' type=kotlin.Unit origin=null
          $this: GET_VAR 'val tmp0: kotlin.Array<out kotlin.Any?> [val] declared in com.alienspace.snackbar.ObserverEventsKt.ObserveAsEvents' type=kotlin.Array<out kotlin.Any?> origin=null
          index: CONST Int type=kotlin.Int value=0
          value: CALL 'public abstract fun <get-lifecycle> (): androidx.lifecycle.Lifecycle declared in androidx.lifecycle.LifecycleOwner' type=androidx.lifecycle.Lifecycle origin=GET_PROPERTY
            $this: GET_VAR 'val lifecycleOwner: androidx.lifecycle.LifecycleOwner [val] declared in com.alienspace.snackbar.ObserverEventsKt.ObserveAsEvents' type=androidx.lifecycle.LifecycleOwner origin=null
        CALL 'public final fun set (index: kotlin.Int, value: T of kotlin.Array): kotlin.Unit [operator] declared in kotlin.Array' type=kotlin.Unit origin=null
          $this: GET_VAR 'val tmp0: kotlin.Array<out kotlin.Any?> [val] declared in com.alienspace.snackbar.ObserverEventsKt.ObserveAsEvents' type=kotlin.Array<out kotlin.Any?> origin=null
          index: CONST Int type=kotlin.Int value=1
          value: GET_VAR 'key1: kotlin.Any? declared in com.alienspace.snackbar.ObserverEventsKt.ObserveAsEvents' type=kotlin.Any? origin=null
        CALL 'public final fun set (index: kotlin.Int, value: T of kotlin.Array): kotlin.Unit [operator] declared in kotlin.Array' type=kotlin.Unit origin=null
          $this: GET_VAR 'val tmp0: kotlin.Array<out kotlin.Any?> [val] declared in com.alienspace.snackbar.ObserverEventsKt.ObserveAsEvents' type=kotlin.Array<out kotlin.Any?> origin=null
          index: CONST Int type=kotlin.Int value=2
          value: GET_VAR 'key2: kotlin.Any? declared in com.alienspace.snackbar.ObserverEventsKt.ObserveAsEvents' type=kotlin.Any? origin=null
        CALL 'public final fun set (index: kotlin.Int, value: T of kotlin.Array): kotlin.Unit [operator] declared in kotlin.Array' type=kotlin.Unit origin=null
          $this: GET_VAR 'val tmp0: kotlin.Array<out kotlin.Any?> [val] declared in com.alienspace.snackbar.ObserverEventsKt.ObserveAsEvents' type=kotlin.Array<out kotlin.Any?> origin=null
          index: CONST Int type=kotlin.Int value=3
          value: GET_VAR 'flow: kotlinx.coroutines.flow.Flow<T of com.alienspace.snackbar.ObserverEventsKt.ObserveAsEvents> declared in com.alienspace.snackbar.ObserverEventsKt.ObserveAsEvents' type=kotlinx.coroutines.flow.Flow<T of com.alienspace.snackbar.ObserverEventsKt.ObserveAsEvents> origin=null
        GET_VAR 'val tmp0: kotlin.Array<out kotlin.Any?> [val] declared in com.alienspace.snackbar.ObserverEventsKt.ObserveAsEvents' type=kotlin.Array<out kotlin.Any?> origin=null
      block: BLOCK type=com.alienspace.snackbar.ObserverEventsKt.ObserveAsEvents.<no name provided> origin=null
        CLASS SUSPEND_LAMBDA CLASS name:<no name provided> modality:FINAL visibility:public/*package*/ superTypes:[kotlin.coroutines.jvm.internal.SuspendLambda; kotlin.jvm.functions.Function2<kotlinx.coroutines.CoroutineScope, kotlin.coroutines.Continuation<kotlin.Unit>?, kotlin.Any?>]
          $this: VALUE_PARAMETER INSTANCE_RECEIVER name:<this> type:com.alienspace.snackbar.ObserverEventsKt.ObserveAsEvents.<no name provided>
          FIELD name:label type:kotlin.Int visibility:public/*package*/
          CONSTRUCTOR SUSPEND_LAMBDA visibility:public/*package*/ <> ($flow:kotlinx.coroutines.flow.Flow<T of com.alienspace.snackbar.ObserverEventsKt.ObserveAsEvents>, $onEvent:kotlin.Function1<T of com.alienspace.snackbar.ObserverEventsKt.ObserveAsEvents, kotlin.Unit>, $completion:kotlin.coroutines.Continuation<com.alienspace.snackbar.ObserverEventsKt.ObserveAsEvents.<no name provided>>?) returnType:com.alienspace.snackbar.ObserverEventsKt.ObserveAsEvents.<no name provided> [primary]
            VALUE_PARAMETER BOUND_VALUE_PARAMETER name:$flow index:0 type:kotlinx.coroutines.flow.Flow<T of com.alienspace.snackbar.ObserverEventsKt.ObserveAsEvents>
            VALUE_PARAMETER BOUND_VALUE_PARAMETER name:$onEvent index:1 type:kotlin.Function1<T of com.alienspace.snackbar.ObserverEventsKt.ObserveAsEvents, kotlin.Unit>
            VALUE_PARAMETER name:$completion index:2 type:kotlin.coroutines.Continuation<com.alienspace.snackbar.ObserverEventsKt.ObserveAsEvents.<no name provided>>?
            BLOCK_BODY
              SET_FIELD 'FIELD FIELD_FOR_CAPTURED_VALUE name:$flow type:kotlinx.coroutines.flow.Flow<T of com.alienspace.snackbar.ObserverEventsKt.ObserveAsEvents> visibility:public/*package*/ [final]' type=kotlin.Unit origin=INITIALIZER_OF_FIELD_FOR_CAPTURED_VALUE
                receiver: GET_VAR '<this>: com.alienspace.snackbar.ObserverEventsKt.ObserveAsEvents.<no name provided> declared in com.alienspace.snackbar.ObserverEventsKt.ObserveAsEvents.<no name provided>' type=com.alienspace.snackbar.ObserverEventsKt.ObserveAsEvents.<no name provided> origin=null
                value: GET_VAR '$flow: kotlinx.coroutines.flow.Flow<T of com.alienspace.snackbar.ObserverEventsKt.ObserveAsEvents> declared in com.alienspace.snackbar.ObserverEventsKt.ObserveAsEvents.<no name provided>.<init>' type=kotlinx.coroutines.flow.Flow<T of com.alienspace.snackbar.ObserverEventsKt.ObserveAsEvents> origin=null
              SET_FIELD 'FIELD FIELD_FOR_CAPTURED_VALUE name:$onEvent type:kotlin.Function1<T of com.alienspace.snackbar.ObserverEventsKt.ObserveAsEvents, kotlin.Unit> visibility:public/*package*/ [final]' type=kotlin.Unit origin=INITIALIZER_OF_FIELD_FOR_CAPTURED_VALUE
                receiver: GET_VAR '<this>: com.alienspace.snackbar.ObserverEventsKt.ObserveAsEvents.<no name provided> declared in com.alienspace.snackbar.ObserverEventsKt.ObserveAsEvents.<no name provided>' type=com.alienspace.snackbar.ObserverEventsKt.ObserveAsEvents.<no name provided> origin=null
                value: GET_VAR '$onEvent: kotlin.Function1<T of com.alienspace.snackbar.ObserverEventsKt.ObserveAsEvents, kotlin.Unit> declared in com.alienspace.snackbar.ObserverEventsKt.ObserveAsEvents.<no name provided>.<init>' type=kotlin.Function1<T of com.alienspace.snackbar.ObserverEventsKt.ObserveAsEvents, kotlin.Unit> origin=null
              DELEGATING_CONSTRUCTOR_CALL 'public constructor <init> (arity: kotlin.Int, $completion: kotlin.coroutines.Continuation<kotlin.Any?>?) declared in kotlin.coroutines.jvm.internal.SuspendLambda'
                arity: CONST Int type=kotlin.Int value=2
                $completion: GET_VAR '$completion: kotlin.coroutines.Continuation<com.alienspace.snackbar.ObserverEventsKt.ObserveAsEvents.<no name provided>>? declared in com.alienspace.snackbar.ObserverEventsKt.ObserveAsEvents.<no name provided>.<init>' type=kotlin.coroutines.Continuation<com.alienspace.snackbar.ObserverEventsKt.ObserveAsEvents.<no name provided>>? origin=null
              BLOCK type=kotlin.Unit origin=null
          FUN name:invokeSuspend visibility:public modality:FINAL <> ($this:com.alienspace.snackbar.ObserverEventsKt.ObserveAsEvents.<no name provided>, $result:kotlin.Result<kotlin.Any?>) returnType:kotlin.Any?
            overridden:
              protected abstract fun invokeSuspend ($result: kotlin.Result<kotlin.Any?>): kotlin.Any? declared in kotlin.coroutines.jvm.internal.SuspendLambda
            $this: VALUE_PARAMETER INSTANCE_RECEIVER name:<this> type:com.alienspace.snackbar.ObserverEventsKt.ObserveAsEvents.<no name provided>
            VALUE_PARAMETER name:$result index:0 type:kotlin.Result<kotlin.Any?>
            BLOCK_BODY
              CALL 'public final fun withContext <T> (context: kotlin.coroutines.CoroutineContext, block: @[ExtensionFunctionType] kotlin.coroutines.SuspendFunction1<kotlinx.coroutines.CoroutineScope, T of kotlinx.coroutines.BuildersKt.withContext>, $completion: kotlin.coroutines.Continuation<T of kotlinx.coroutines.BuildersKt.withContext>): kotlin.Any? [suspend] declared in kotlinx.coroutines.BuildersKt' type=kotlin.Unit origin=null
                <T>: kotlin.Unit
                context: CALL 'public abstract fun <get-immediate> (): kotlinx.coroutines.MainCoroutineDispatcher declared in kotlinx.coroutines.MainCoroutineDispatcher' type=kotlinx.coroutines.MainCoroutineDispatcher origin=GET_PROPERTY
                  $this: CALL 'public final fun <get-Main> (): kotlinx.coroutines.MainCoroutineDispatcher declared in kotlinx.coroutines.Dispatchers' type=kotlinx.coroutines.MainCoroutineDispatcher origin=GET_PROPERTY
                block: BLOCK type=com.alienspace.snackbar.ObserverEventsKt.ObserveAsEvents.<no name provided>.invokeSuspend.<no name provided> origin=null
                  CLASS SUSPEND_LAMBDA CLASS name:<no name provided> modality:FINAL visibility:public/*package*/ superTypes:[kotlin.coroutines.jvm.internal.SuspendLambda; kotlin.jvm.functions.Function2<kotlinx.coroutines.CoroutineScope, kotlin.coroutines.Continuation<kotlin.Unit>?, kotlin.Any?>]
                    $this: VALUE_PARAMETER INSTANCE_RECEIVER name:<this> type:com.alienspace.snackbar.ObserverEventsKt.ObserveAsEvents.<no name provided>.invokeSuspend.<no name provided>
                    FIELD name:label type:kotlin.Int visibility:public/*package*/
                    CONSTRUCTOR SUSPEND_LAMBDA visibility:public/*package*/ <> ($flow:kotlinx.coroutines.flow.Flow<T of com.alienspace.snackbar.ObserverEventsKt.ObserveAsEvents>, $onEvent:kotlin.Function1<T of com.alienspace.snackbar.ObserverEventsKt.ObserveAsEvents, kotlin.Unit>, $completion:kotlin.coroutines.Continuation<com.alienspace.snackbar.ObserverEventsKt.ObserveAsEvents.<no name provided>.invokeSuspend.<no name provided>>?) returnType:com.alienspace.snackbar.ObserverEventsKt.ObserveAsEvents.<no name provided>.invokeSuspend.<no name provided> [primary]
                      VALUE_PARAMETER BOUND_VALUE_PARAMETER name:$flow index:0 type:kotlinx.coroutines.flow.Flow<T of com.alienspace.snackbar.ObserverEventsKt.ObserveAsEvents>
                      VALUE_PARAMETER BOUND_VALUE_PARAMETER name:$onEvent index:1 type:kotlin.Function1<T of com.alienspace.snackbar.ObserverEventsKt.ObserveAsEvents, kotlin.Unit>
                      VALUE_PARAMETER name:$completion index:2 type:kotlin.coroutines.Continuation<com.alienspace.snackbar.ObserverEventsKt.ObserveAsEvents.<no name provided>.invokeSuspend.<no name provided>>?
                      BLOCK_BODY
                        SET_FIELD 'FIELD FIELD_FOR_CAPTURED_VALUE name:$flow type:kotlinx.coroutines.flow.Flow<T of com.alienspace.snackbar.ObserverEventsKt.ObserveAsEvents> visibility:public/*package*/ [final]' type=kotlin.Unit origin=INITIALIZER_OF_FIELD_FOR_CAPTURED_VALUE
                          receiver: GET_VAR '<this>: com.alienspace.snackbar.ObserverEventsKt.ObserveAsEvents.<no name provided>.invokeSuspend.<no name provided> declared in com.alienspace.snackbar.ObserverEventsKt.ObserveAsEvents.<no name provided>.invokeSuspend.<no name provided>' type=com.alienspace.snackbar.ObserverEventsKt.ObserveAsEvents.<no name provided>.invokeSuspend.<no name provided> origin=null
                          value: GET_VAR '$flow: kotlinx.coroutines.flow.Flow<T of com.alienspace.snackbar.ObserverEventsKt.ObserveAsEvents> declared in com.alienspace.snackbar.ObserverEventsKt.ObserveAsEvents.<no name provided>.invokeSuspend.<no name provided>.<init>' type=kotlinx.coroutines.flow.Flow<T of com.alienspace.snackbar.ObserverEventsKt.ObserveAsEvents> origin=null
                        SET_FIELD 'FIELD FIELD_FOR_CAPTURED_VALUE name:$onEvent type:kotlin.Function1<T of com.alienspace.snackbar.ObserverEventsKt.ObserveAsEvents, kotlin.Unit> visibility:public/*package*/ [final]' type=kotlin.Unit origin=INITIALIZER_OF_FIELD_FOR_CAPTURED_VALUE
                          receiver: GET_VAR '<this>: com.alienspace.snackbar.ObserverEventsKt.ObserveAsEvents.<no name provided>.invokeSuspend.<no name provided> declared in com.alienspace.snackbar.ObserverEventsKt.ObserveAsEvents.<no name provided>.invokeSuspend.<no name provided>' type=com.alienspace.snackbar.ObserverEventsKt.ObserveAsEvents.<no name provided>.invokeSuspend.<no name provided> origin=null
                          value: GET_VAR '$onEvent: kotlin.Function1<T of com.alienspace.snackbar.ObserverEventsKt.ObserveAsEvents, kotlin.Unit> declared in com.alienspace.snackbar.ObserverEventsKt.ObserveAsEvents.<no name provided>.invokeSuspend.<no name provided>.<init>' type=kotlin.Function1<T of com.alienspace.snackbar.ObserverEventsKt.ObserveAsEvents, kotlin.Unit> origin=null
                        DELEGATING_CONSTRUCTOR_CALL 'public constructor <init> (arity: kotlin.Int, $completion: kotlin.coroutines.Continuation<kotlin.Any?>?) declared in kotlin.coroutines.jvm.internal.SuspendLambda'
                          arity: CONST Int type=kotlin.Int value=2
                          $completion: GET_VAR '$completion: kotlin.coroutines.Continuation<com.alienspace.snackbar.ObserverEventsKt.ObserveAsEvents.<no name provided>.invokeSuspend.<no name provided>>? declared in com.alienspace.snackbar.ObserverEventsKt.ObserveAsEvents.<no name provided>.invokeSuspend.<no name provided>.<init>' type=kotlin.coroutines.Continuation<com.alienspace.snackbar.ObserverEventsKt.ObserveAsEvents.<no name provided>.invokeSuspend.<no name provided>>? origin=null
                        BLOCK type=kotlin.Unit origin=null
                    FUN name:invokeSuspend visibility:public modality:FINAL <> ($this:com.alienspace.snackbar.ObserverEventsKt.ObserveAsEvents.<no name provided>.invokeSuspend.<no name provided>, $result:kotlin.Result<kotlin.Any?>) returnType:kotlin.Any?
                      overridden:
                        protected abstract fun invokeSuspend ($result: kotlin.Result<kotlin.Any?>): kotlin.Any? declared in kotlin.coroutines.jvm.internal.SuspendLambda
                      $this: VALUE_PARAMETER INSTANCE_RECEIVER name:<this> type:com.alienspace.snackbar.ObserverEventsKt.ObserveAsEvents.<no name provided>.invokeSuspend.<no name provided>
                      VALUE_PARAMETER name:$result index:0 type:kotlin.Result<kotlin.Any?>
                      BLOCK_BODY
                        CALL 'public abstract fun collect (collector: kotlinx.coroutines.flow.FlowCollector<T of kotlinx.coroutines.flow.Flow>, $completion: kotlin.coroutines.Continuation<kotlin.Unit>): kotlin.Any? [suspend] declared in kotlinx.coroutines.flow.Flow' type=kotlin.Unit origin=null
                          $this: GET_FIELD 'FIELD FIELD_FOR_CAPTURED_VALUE name:$flow type:kotlinx.coroutines.flow.Flow<T of com.alienspace.snackbar.ObserverEventsKt.ObserveAsEvents> visibility:public/*package*/ [final]' type=kotlinx.coroutines.flow.Flow<T of com.alienspace.snackbar.ObserverEventsKt.ObserveAsEvents> origin=null
                            receiver: GET_VAR '<this>: com.alienspace.snackbar.ObserverEventsKt.ObserveAsEvents.<no name provided>.invokeSuspend.<no name provided> declared in com.alienspace.snackbar.ObserverEventsKt.ObserveAsEvents.<no name provided>.invokeSuspend.<no name provided>.invokeSuspend' type=com.alienspace.snackbar.ObserverEventsKt.ObserveAsEvents.<no name provided>.invokeSuspend.<no name provided> origin=null
                          collector: BLOCK type=kotlinx.coroutines.flow.FlowCollector<T of com.alienspace.snackbar.ObserverEventsKt.ObserveAsEvents> origin=SUSPEND_CONVERSION
                            COMPOSITE type=kotlin.Unit origin=null
                            BLOCK type=com.alienspace.snackbar.ObserverEventsKt.ObserveAsEvents.<no name provided>.invokeSuspend.<no name provided>.invokeSuspend.<no name provided> origin=null
                              VAR IR_TEMPORARY_VARIABLE name:tmp0 type:kotlin.Function1<T of com.alienspace.snackbar.ObserverEventsKt.ObserveAsEvents, kotlin.Unit> [val]
                                GET_FIELD 'FIELD FIELD_FOR_CAPTURED_VALUE name:$onEvent type:kotlin.Function1<T of com.alienspace.snackbar.ObserverEventsKt.ObserveAsEvents, kotlin.Unit> visibility:public/*package*/ [final]' type=kotlin.Function1<T of com.alienspace.snackbar.ObserverEventsKt.ObserveAsEvents, kotlin.Unit> origin=null
                                  receiver: GET_VAR '<this>: com.alienspace.snackbar.ObserverEventsKt.ObserveAsEvents.<no name provided>.invokeSuspend.<no name provided> declared in com.alienspace.snackbar.ObserverEventsKt.ObserveAsEvents.<no name provided>.invokeSuspend.<no name provided>.invokeSuspend' type=com.alienspace.snackbar.ObserverEventsKt.ObserveAsEvents.<no name provided>.invokeSuspend.<no name provided> origin=null
                              CLASS FUNCTION_REFERENCE_IMPL CLASS name:<no name provided> modality:FINAL visibility:public/*package*/ superTypes:[@[RawType] kotlinx.coroutines.flow.FlowCollector<T of kotlinx.coroutines.flow.FlowCollector>; kotlin.jvm.internal.FunctionAdapter]
                                $this: VALUE_PARAMETER INSTANCE_RECEIVER name:<this> type:com.alienspace.snackbar.ObserverEventsKt.ObserveAsEvents.<no name provided>.invokeSuspend.<no name provided>.invokeSuspend.<no name provided>
                                CONSTRUCTOR GENERATED_MEMBER_IN_CALLABLE_REFERENCE visibility:public/*package*/ <> ($tmp0:kotlin.Function1<T of com.alienspace.snackbar.ObserverEventsKt.ObserveAsEvents, kotlin.Unit>) returnType:com.alienspace.snackbar.ObserverEventsKt.ObserveAsEvents.<no name provided>.invokeSuspend.<no name provided>.invokeSuspend.<no name provided> [primary]
                                  VALUE_PARAMETER BOUND_VALUE_PARAMETER name:$tmp0 index:0 type:kotlin.Function1<T of com.alienspace.snackbar.ObserverEventsKt.ObserveAsEvents, kotlin.Unit>
                                  BLOCK_BODY
                                    SET_FIELD 'FIELD FIELD_FOR_CAPTURED_VALUE name:$tmp0 type:kotlin.Function1<T of com.alienspace.snackbar.ObserverEventsKt.ObserveAsEvents, kotlin.Unit> visibility:public/*package*/ [final]' type=kotlin.Unit origin=INITIALIZER_OF_FIELD_FOR_CAPTURED_VALUE
                                      receiver: GET_VAR '<this>: com.alienspace.snackbar.ObserverEventsKt.ObserveAsEvents.<no name provided>.invokeSuspend.<no name provided>.invokeSuspend.<no name provided> declared in com.alienspace.snackbar.ObserverEventsKt.ObserveAsEvents.<no name provided>.invokeSuspend.<no name provided>.invokeSuspend.<no name provided>' type=com.alienspace.snackbar.ObserverEventsKt.ObserveAsEvents.<no name provided>.invokeSuspend.<no name provided>.invokeSuspend.<no name provided> origin=null
                                      value: GET_VAR '$tmp0: kotlin.Function1<T of com.alienspace.snackbar.ObserverEventsKt.ObserveAsEvents, kotlin.Unit> declared in com.alienspace.snackbar.ObserverEventsKt.ObserveAsEvents.<no name provided>.invokeSuspend.<no name provided>.invokeSuspend.<no name provided>.<init>' type=kotlin.Function1<T of com.alienspace.snackbar.ObserverEventsKt.ObserveAsEvents, kotlin.Unit> origin=null
                                    DELEGATING_CONSTRUCTOR_CALL 'public constructor <init> () [primary] declared in kotlin.Any'
                                    BLOCK type=kotlin.Unit origin=null
                                FUN name:emit visibility:public modality:FINAL <> ($this:com.alienspace.snackbar.ObserverEventsKt.ObserveAsEvents.<no name provided>.invokeSuspend.<no name provided>.invokeSuspend.<no name provided>, p0:T of com.alienspace.snackbar.ObserverEventsKt.ObserveAsEvents, $completion:kotlin.coroutines.Continuation<kotlin.Unit>) returnType:kotlin.Any? [suspend]
                                  overridden:
                                    public abstract fun emit (value: T of kotlinx.coroutines.flow.FlowCollector, $completion: kotlin.coroutines.Continuation<kotlin.Unit>): kotlin.Any? [suspend] declared in kotlinx.coroutines.flow.FlowCollector
                                  $this: VALUE_PARAMETER INSTANCE_RECEIVER name:<this> type:com.alienspace.snackbar.ObserverEventsKt.ObserveAsEvents.<no name provided>.invokeSuspend.<no name provided>.invokeSuspend.<no name provided>
                                  VALUE_PARAMETER name:p0 index:0 type:T of com.alienspace.snackbar.ObserverEventsKt.ObserveAsEvents
                                  VALUE_PARAMETER CONTINUATION_CLASS name:$completion index:1 type:kotlin.coroutines.Continuation<kotlin.Unit>
                                  BLOCK_BODY
                                    CLASS CONTINUATION_CLASS CLASS name:<Continuation> modality:FINAL visibility:public/*package*/ superTypes:[kotlin.coroutines.jvm.internal.ContinuationImpl]
                                      $this: VALUE_PARAMETER INSTANCE_RECEIVER name:<this> type:com.alienspace.snackbar.ObserverEventsKt.ObserveAsEvents.<no name provided>.invokeSuspend.<no name provided>.invokeSuspend.<no name provided>.emit.<Continuation>
                                      FIELD CONTINUATION_CLASS_RESULT_FIELD name:result type:kotlin.Result<kotlin.Any?> visibility:public/*package*/
                                      FIELD FIELD_FOR_OUTER_THIS name:this$0 type:com.alienspace.snackbar.ObserverEventsKt.ObserveAsEvents.<no name provided>.invokeSuspend.<no name provided>.invokeSuspend.<no name provided> visibility:public/*package*/ [final]
                                      FIELD name:label type:kotlin.Int visibility:public/*package*/
                                      CONSTRUCTOR visibility:public/*package*/ <> (this$0:com.alienspace.snackbar.ObserverEventsKt.ObserveAsEvents.<no name provided>.invokeSuspend.<no name provided>.invokeSuspend.<no name provided>, $completion:kotlin.coroutines.Continuation<com.alienspace.snackbar.ObserverEventsKt.ObserveAsEvents.<no name provided>.invokeSuspend.<no name provided>.invokeSuspend.<no name provided>.emit.<Continuation>>?) returnType:com.alienspace.snackbar.ObserverEventsKt.ObserveAsEvents.<no name provided>.invokeSuspend.<no name provided>.invokeSuspend.<no name provided>.emit.<Continuation> [primary]
                                        VALUE_PARAMETER name:this$0 index:0 type:com.alienspace.snackbar.ObserverEventsKt.ObserveAsEvents.<no name provided>.invokeSuspend.<no name provided>.invokeSuspend.<no name provided>
                                        VALUE_PARAMETER name:$completion index:1 type:kotlin.coroutines.Continuation<com.alienspace.snackbar.ObserverEventsKt.ObserveAsEvents.<no name provided>.invokeSuspend.<no name provided>.invokeSuspend.<no name provided>.emit.<Continuation>>?
                                        BLOCK_BODY
                                          SET_FIELD 'FIELD FIELD_FOR_OUTER_THIS name:this$0 type:com.alienspace.snackbar.ObserverEventsKt.ObserveAsEvents.<no name provided>.invokeSuspend.<no name provided>.invokeSuspend.<no name provided> visibility:public/*package*/ [final]' type=kotlin.Unit origin=null
                                            receiver: GET_VAR '<this>: com.alienspace.snackbar.ObserverEventsKt.ObserveAsEvents.<no name provided>.invokeSuspend.<no name provided>.invokeSuspend.<no name provided>.emit.<Continuation> declared in com.alienspace.snackbar.ObserverEventsKt.ObserveAsEvents.<no name provided>.invokeSuspend.<no name provided>.invokeSuspend.<no name provided>.emit.<Continuation>' type=com.alienspace.snackbar.ObserverEventsKt.ObserveAsEvents.<no name provided>.invokeSuspend.<no name provided>.invokeSuspend.<no name provided>.emit.<Continuation> origin=null
                                            value: GET_VAR 'this$0: com.alienspace.snackbar.ObserverEventsKt.ObserveAsEvents.<no name provided>.invokeSuspend.<no name provided>.invokeSuspend.<no name provided> declared in com.alienspace.snackbar.ObserverEventsKt.ObserveAsEvents.<no name provided>.invokeSuspend.<no name provided>.invokeSuspend.<no name provided>.emit.<Continuation>.<init>' type=com.alienspace.snackbar.ObserverEventsKt.ObserveAsEvents.<no name provided>.invokeSuspend.<no name provided>.invokeSuspend.<no name provided> origin=null
                                          DELEGATING_CONSTRUCTOR_CALL 'public constructor <init> ($completion: kotlin.coroutines.Continuation<kotlin.Any?>?) declared in kotlin.coroutines.jvm.internal.ContinuationImpl'
                                            $completion: GET_VAR '$completion: kotlin.coroutines.Continuation<com.alienspace.snackbar.ObserverEventsKt.ObserveAsEvents.<no name provided>.invokeSuspend.<no name provided>.invokeSuspend.<no name provided>.emit.<Continuation>>? declared in com.alienspace.snackbar.ObserverEventsKt.ObserveAsEvents.<no name provided>.invokeSuspend.<no name provided>.invokeSuspend.<no name provided>.emit.<Continuation>.<init>' type=kotlin.coroutines.Continuation<com.alienspace.snackbar.ObserverEventsKt.ObserveAsEvents.<no name provided>.invokeSuspend.<no name provided>.invokeSuspend.<no name provided>.emit.<Continuation>>? origin=null
                                      FUN name:invokeSuspend visibility:public modality:FINAL <> ($this:com.alienspace.snackbar.ObserverEventsKt.ObserveAsEvents.<no name provided>.invokeSuspend.<no name provided>.invokeSuspend.<no name provided>.emit.<Continuation>, $result:kotlin.Result<kotlin.Any?>) returnType:kotlin.Any?
                                        overridden:
                                          public abstract fun invokeSuspend ($result: kotlin.Result<kotlin.Any?>): kotlin.Any? declared in kotlin.coroutines.jvm.internal.ContinuationImpl
                                        $this: VALUE_PARAMETER INSTANCE_RECEIVER name:<this> type:com.alienspace.snackbar.ObserverEventsKt.ObserveAsEvents.<no name provided>.invokeSuspend.<no name provided>.invokeSuspend.<no name provided>.emit.<Continuation>
                                        VALUE_PARAMETER name:$result index:0 type:kotlin.Result<kotlin.Any?>
                                        BLOCK_BODY
                                          SET_FIELD 'FIELD CONTINUATION_CLASS_RESULT_FIELD name:result type:kotlin.Result<kotlin.Any?> visibility:public/*package*/' type=kotlin.Unit origin=null
                                            receiver: GET_VAR '<this>: com.alienspace.snackbar.ObserverEventsKt.ObserveAsEvents.<no name provided>.invokeSuspend.<no name provided>.invokeSuspend.<no name provided>.emit.<Continuation> declared in com.alienspace.snackbar.ObserverEventsKt.ObserveAsEvents.<no name provided>.invokeSuspend.<no name provided>.invokeSuspend.<no name provided>.emit.<Continuation>.invokeSuspend' type=com.alienspace.snackbar.ObserverEventsKt.ObserveAsEvents.<no name provided>.invokeSuspend.<no name provided>.invokeSuspend.<no name provided>.emit.<Continuation> origin=null
                                            value: GET_VAR '$result: kotlin.Result<kotlin.Any?> declared in com.alienspace.snackbar.ObserverEventsKt.ObserveAsEvents.<no name provided>.invokeSuspend.<no name provided>.invokeSuspend.<no name provided>.emit.<Continuation>.invokeSuspend' type=kotlin.Result<kotlin.Any?> origin=null
                                          SET_FIELD 'FIELD name:label type:kotlin.Int visibility:public/*package*/' type=kotlin.Unit origin=null
                                            receiver: GET_VAR '<this>: com.alienspace.snackbar.ObserverEventsKt.ObserveAsEvents.<no name provided>.invokeSuspend.<no name provided>.invokeSuspend.<no name provided>.emit.<Continuation> declared in com.alienspace.snackbar.ObserverEventsKt.ObserveAsEvents.<no name provided>.invokeSuspend.<no name provided>.invokeSuspend.<no name provided>.emit.<Continuation>.invokeSuspend' type=com.alienspace.snackbar.ObserverEventsKt.ObserveAsEvents.<no name provided>.invokeSuspend.<no name provided>.invokeSuspend.<no name provided>.emit.<Continuation> origin=null
                                            value: CALL 'public final fun or (other: kotlin.Int): kotlin.Int [infix] declared in kotlin.Int' type=kotlin.Int origin=null
                                              $this: GET_FIELD 'FIELD name:label type:kotlin.Int visibility:public/*package*/' type=kotlin.Int origin=null
                                                receiver: GET_VAR '<this>: com.alienspace.snackbar.ObserverEventsKt.ObserveAsEvents.<no name provided>.invokeSuspend.<no name provided>.invokeSuspend.<no name provided>.emit.<Continuation> declared in com.alienspace.snackbar.ObserverEventsKt.ObserveAsEvents.<no name provided>.invokeSuspend.<no name provided>.invokeSuspend.<no name provided>.emit.<Continuation>.invokeSuspend' type=com.alienspace.snackbar.ObserverEventsKt.ObserveAsEvents.<no name provided>.invokeSuspend.<no name provided>.invokeSuspend.<no name provided>.emit.<Continuation> origin=null
                                              other: CONST Int type=kotlin.Int value=-2147483648
                                          RETURN type=kotlin.Nothing from='public final fun invokeSuspend ($result: kotlin.Result<kotlin.Any?>): kotlin.Any? declared in com.alienspace.snackbar.ObserverEventsKt.ObserveAsEvents.<no name provided>.invokeSuspend.<no name provided>.invokeSuspend.<no name provided>.emit.<Continuation>'
                                            CALL 'public final fun emit (p0: T of com.alienspace.snackbar.ObserverEventsKt.ObserveAsEvents, $completion: kotlin.coroutines.Continuation<kotlin.Unit>): kotlin.Any? [suspend] declared in com.alienspace.snackbar.ObserverEventsKt.ObserveAsEvents.<no name provided>.invokeSuspend.<no name provided>.invokeSuspend.<no name provided>' type=kotlin.Any? origin=null
                                              $this: GET_FIELD 'FIELD FIELD_FOR_OUTER_THIS name:this$0 type:com.alienspace.snackbar.ObserverEventsKt.ObserveAsEvents.<no name provided>.invokeSuspend.<no name provided>.invokeSuspend.<no name provided> visibility:public/*package*/ [final]' type=com.alienspace.snackbar.ObserverEventsKt.ObserveAsEvents.<no name provided>.invokeSuspend.<no name provided>.invokeSuspend.<no name provided> origin=null
                                                receiver: GET_VAR '<this>: com.alienspace.snackbar.ObserverEventsKt.ObserveAsEvents.<no name provided>.invokeSuspend.<no name provided>.invokeSuspend.<no name provided>.emit.<Continuation> declared in com.alienspace.snackbar.ObserverEventsKt.ObserveAsEvents.<no name provided>.invokeSuspend.<no name provided>.invokeSuspend.<no name provided>.emit.<Continuation>.invokeSuspend' type=com.alienspace.snackbar.ObserverEventsKt.ObserveAsEvents.<no name provided>.invokeSuspend.<no name provided>.invokeSuspend.<no name provided>.emit.<Continuation> origin=null
                                              p0: CONST Null type=kotlin.Any? value=null
                                              $completion: GET_VAR '<this>: com.alienspace.snackbar.ObserverEventsKt.ObserveAsEvents.<no name provided>.invokeSuspend.<no name provided>.invokeSuspend.<no name provided>.emit.<Continuation> declared in com.alienspace.snackbar.ObserverEventsKt.ObserveAsEvents.<no name provided>.invokeSuspend.<no name provided>.invokeSuspend.<no name provided>.emit.<Continuation>.invokeSuspend' type=com.alienspace.snackbar.ObserverEventsKt.ObserveAsEvents.<no name provided>.invokeSuspend.<no name provided>.invokeSuspend.<no name provided>.emit.<Continuation> origin=null
                                    RETURN type=kotlin.Nothing from='public final fun emit (p0: T of com.alienspace.snackbar.ObserverEventsKt.ObserveAsEvents, $completion: kotlin.coroutines.Continuation<kotlin.Unit>): kotlin.Any? [suspend] declared in com.alienspace.snackbar.ObserverEventsKt.ObserveAsEvents.<no name provided>.invokeSuspend.<no name provided>.invokeSuspend.<no name provided>'
                                      CALL 'public final fun access$invokeSuspend$suspendConversion0 <T> ($receiver: kotlin.Function1<T of com.alienspace.snackbar.ObserverEventsKt.ObserveAsEvents.<no name provided>.invokeSuspend.<no name provided>.access$invokeSuspend$suspendConversion0, kotlin.Unit>, p0: T of com.alienspace.snackbar.ObserverEventsKt.ObserveAsEvents.<no name provided>.invokeSuspend.<no name provided>.access$invokeSuspend$suspendConversion0, $completion: kotlin.coroutines.Continuation<kotlin.Unit>): kotlin.Any? [suspend] declared in com.alienspace.snackbar.ObserverEventsKt.ObserveAsEvents.<no name provided>.invokeSuspend.<no name provided>' type=kotlin.Unit origin=null
                                        <T>: T of com.alienspace.snackbar.ObserverEventsKt.ObserveAsEvents
                                        $receiver: GET_FIELD 'FIELD FIELD_FOR_CAPTURED_VALUE name:$tmp0 type:kotlin.Function1<T of com.alienspace.snackbar.ObserverEventsKt.ObserveAsEvents, kotlin.Unit> visibility:public/*package*/ [final]' type=kotlin.Function1<T of com.alienspace.snackbar.ObserverEventsKt.ObserveAsEvents, kotlin.Unit> origin=null
                                          receiver: GET_VAR '<this>: com.alienspace.snackbar.ObserverEventsKt.ObserveAsEvents.<no name provided>.invokeSuspend.<no name provided>.invokeSuspend.<no name provided> declared in com.alienspace.snackbar.ObserverEventsKt.ObserveAsEvents.<no name provided>.invokeSuspend.<no name provided>.invokeSuspend.<no name provided>.emit' type=com.alienspace.snackbar.ObserverEventsKt.ObserveAsEvents.<no name provided>.invokeSuspend.<no name provided>.invokeSuspend.<no name provided> origin=null
                                        p0: GET_VAR 'p0: T of com.alienspace.snackbar.ObserverEventsKt.ObserveAsEvents declared in com.alienspace.snackbar.ObserverEventsKt.ObserveAsEvents.<no name provided>.invokeSuspend.<no name provided>.invokeSuspend.<no name provided>.emit' type=T of com.alienspace.snackbar.ObserverEventsKt.ObserveAsEvents origin=null
                                        $completion: GET_VAR '$completion: kotlin.coroutines.Continuation<kotlin.Unit> declared in com.alienspace.snackbar.ObserverEventsKt.ObserveAsEvents.<no name provided>.invokeSuspend.<no name provided>.invokeSuspend.<no name provided>.emit' type=kotlin.coroutines.Continuation<kotlin.Unit> origin=null
                                FUN name:getFunctionDelegate visibility:public modality:FINAL <> ($this:com.alienspace.snackbar.ObserverEventsKt.ObserveAsEvents.<no name provided>.invokeSuspend.<no name provided>.invokeSuspend.<no name provided>) returnType:kotlin.Function<*>
                                  overridden:
                                    public abstract fun getFunctionDelegate (): kotlin.Function<*> declared in kotlin.jvm.internal.FunctionAdapter
                                  $this: VALUE_PARAMETER INSTANCE_RECEIVER name:<this> type:com.alienspace.snackbar.ObserverEventsKt.ObserveAsEvents.<no name provided>.invokeSuspend.<no name provided>.invokeSuspend.<no name provided>
                                  EXPRESSION_BODY
                                    CONSTRUCTOR_CALL 'public constructor <init> (arity: kotlin.Int, receiver: kotlin.Any?, owner: java.lang.Class<*>, name: kotlin.String, signature: kotlin.String, flags: kotlin.Int) declared in kotlin.jvm.internal.FunctionReferenceImpl' type=kotlin.jvm.internal.FunctionReferenceImpl origin=null
                                      arity: CONST Int type=kotlin.Int value=2
                                      receiver: GET_FIELD 'FIELD FIELD_FOR_CAPTURED_VALUE name:$tmp0 type:kotlin.Function1<T of com.alienspace.snackbar.ObserverEventsKt.ObserveAsEvents, kotlin.Unit> visibility:public/*package*/ [final]' type=kotlin.Function1<T of com.alienspace.snackbar.ObserverEventsKt.ObserveAsEvents, kotlin.Unit> origin=null
                                        receiver: GET_VAR '<this>: com.alienspace.snackbar.ObserverEventsKt.ObserveAsEvents.<no name provided>.invokeSuspend.<no name provided>.invokeSuspend.<no name provided> declared in com.alienspace.snackbar.ObserverEventsKt.ObserveAsEvents.<no name provided>.invokeSuspend.<no name provided>.invokeSuspend.<no name provided>.getFunctionDelegate' type=com.alienspace.snackbar.ObserverEventsKt.ObserveAsEvents.<no name provided>.invokeSuspend.<no name provided>.invokeSuspend.<no name provided> origin=null
                                      owner: CALL 'public final fun <get-java> (): java.lang.Class<*> declared in kotlin.jvm.JvmClassMappingKt' type=java.lang.Class<*> origin=GET_PROPERTY
                                        $receiver: CLASS_REFERENCE 'CLASS IR_EXTERNAL_DECLARATION_STUB INTERFACE name:KClass modality:ABSTRACT visibility:public superTypes:[kotlin.reflect.KDeclarationContainer; kotlin.reflect.KAnnotatedElement; kotlin.reflect.KClassifier]' type=kotlin.reflect.KClass<*>
                                      name: CONST String type=kotlin.String value="suspendConversion0"
                                      signature: CALL 'public final fun <signature-string> (v: kotlin.Any?): kotlin.String declared in kotlin.jvm.internal' type=kotlin.String origin=null
                                        v: FUNCTION_REFERENCE 'private final fun invokeSuspend$suspendConversion0 <T> (p0: T of com.alienspace.snackbar.ObserverEventsKt.ObserveAsEvents.<no name provided>.invokeSuspend.<no name provided>.invokeSuspend$suspendConversion0, $completion: kotlin.coroutines.Continuation<kotlin.Unit>): kotlin.Any? [suspend] declared in com.alienspace.snackbar.ObserverEventsKt.ObserveAsEvents.<no name provided>.invokeSuspend.<no name provided>' type=kotlin.coroutines.SuspendFunction1<T of com.alienspace.snackbar.ObserverEventsKt.ObserveAsEvents, kotlin.Unit> origin=null reflectionTarget=null
                                          <T>: T of com.alienspace.snackbar.ObserverEventsKt.ObserveAsEvents
                                      flags: CONST Int type=kotlin.Int value=0
                                FUN name:equals visibility:public modality:FINAL <> ($this:com.alienspace.snackbar.ObserverEventsKt.ObserveAsEvents.<no name provided>.invokeSuspend.<no name provided>.invokeSuspend.<no name provided>, other:kotlin.Any?) returnType:kotlin.Boolean
                                  overridden:
                                    public open fun equals (other: kotlin.Any?): kotlin.Boolean [fake_override,operator] declared in kotlinx.coroutines.flow.FlowCollector
                                  $this: VALUE_PARAMETER INSTANCE_RECEIVER name:<this> type:com.alienspace.snackbar.ObserverEventsKt.ObserveAsEvents.<no name provided>.invokeSuspend.<no name provided>.invokeSuspend.<no name provided>
                                  VALUE_PARAMETER name:other index:0 type:kotlin.Any?
                                  EXPRESSION_BODY
                                    WHEN type=kotlin.Boolean origin=null
                                      BRANCH
                                        if: TYPE_OP type=kotlin.Boolean origin=INSTANCEOF typeOperand=@[RawType] kotlinx.coroutines.flow.FlowCollector<T of kotlinx.coroutines.flow.FlowCollector>
                                          GET_VAR 'other: kotlin.Any? declared in com.alienspace.snackbar.ObserverEventsKt.ObserveAsEvents.<no name provided>.invokeSuspend.<no name provided>.invokeSuspend.<no name provided>.equals' type=kotlin.Any? origin=null
                                        then: WHEN type=kotlin.Boolean origin=null
                                          BRANCH
                                            if: TYPE_OP type=kotlin.Boolean origin=INSTANCEOF typeOperand=kotlin.jvm.internal.FunctionAdapter
                                              GET_VAR 'other: kotlin.Any? declared in com.alienspace.snackbar.ObserverEventsKt.ObserveAsEvents.<no name provided>.invokeSuspend.<no name provided>.invokeSuspend.<no name provided>.equals' type=kotlin.Any? origin=null
                                            then: CALL 'public final fun EQEQ (arg0: kotlin.Any?, arg1: kotlin.Any?): kotlin.Boolean declared in kotlin.internal.ir' type=kotlin.Boolean origin=EQEQ
                                              arg0: CALL 'public abstract fun getFunctionDelegate (): kotlin.Function<*> declared in kotlin.jvm.internal.FunctionAdapter' type=kotlin.Function<*> origin=null
                                                $this: GET_VAR '<this>: com.alienspace.snackbar.ObserverEventsKt.ObserveAsEvents.<no name provided>.invokeSuspend.<no name provided>.invokeSuspend.<no name provided> declared in com.alienspace.snackbar.ObserverEventsKt.ObserveAsEvents.<no name provided>.invokeSuspend.<no name provided>.invokeSuspend.<no name provided>.equals' type=com.alienspace.snackbar.ObserverEventsKt.ObserveAsEvents.<no name provided>.invokeSuspend.<no name provided>.invokeSuspend.<no name provided> origin=null
                                              arg1: CALL 'public abstract fun getFunctionDelegate (): kotlin.Function<*> declared in kotlin.jvm.internal.FunctionAdapter' type=kotlin.Function<*> origin=null
                                                $this: TYPE_OP type=kotlin.jvm.internal.FunctionAdapter origin=IMPLICIT_CAST typeOperand=kotlin.jvm.internal.FunctionAdapter
                                                  GET_VAR 'other: kotlin.Any? declared in com.alienspace.snackbar.ObserverEventsKt.ObserveAsEvents.<no name provided>.invokeSuspend.<no name provided>.invokeSuspend.<no name provided>.equals' type=kotlin.Any? origin=null
                                          BRANCH
                                            if: CONST Boolean type=kotlin.Boolean value=true
                                            then: CONST Boolean type=kotlin.Boolean value=false
                                      BRANCH
                                        if: CONST Boolean type=kotlin.Boolean value=true
                                        then: CONST Boolean type=kotlin.Boolean value=false
                                FUN name:hashCode visibility:public modality:FINAL <> ($this:com.alienspace.snackbar.ObserverEventsKt.ObserveAsEvents.<no name provided>.invokeSuspend.<no name provided>.invokeSuspend.<no name provided>) returnType:kotlin.Int
                                  overridden:
                                    public open fun hashCode (): kotlin.Int [fake_override] declared in kotlinx.coroutines.flow.FlowCollector
                                  $this: VALUE_PARAMETER INSTANCE_RECEIVER name:<this> type:com.alienspace.snackbar.ObserverEventsKt.ObserveAsEvents.<no name provided>.invokeSuspend.<no name provided>.invokeSuspend.<no name provided>
                                  EXPRESSION_BODY
                                    CALL 'public open fun hashCode (): kotlin.Int declared in kotlin.Any' type=kotlin.Int origin=null
                                      $this: CALL 'public abstract fun getFunctionDelegate (): kotlin.Function<*> declared in kotlin.jvm.internal.FunctionAdapter' type=kotlin.Function<*> origin=null
                                        $this: GET_VAR '<this>: com.alienspace.snackbar.ObserverEventsKt.ObserveAsEvents.<no name provided>.invokeSuspend.<no name provided>.invokeSuspend.<no name provided> declared in com.alienspace.snackbar.ObserverEventsKt.ObserveAsEvents.<no name provided>.invokeSuspend.<no name provided>.invokeSuspend.<no name provided>.hashCode' type=com.alienspace.snackbar.ObserverEventsKt.ObserveAsEvents.<no name provided>.invokeSuspend.<no name provided>.invokeSuspend.<no name provided> origin=null
                                FUN FAKE_OVERRIDE name:toString visibility:public modality:OPEN <> ($this:kotlin.Any) returnType:kotlin.String [fake_override]
                                  overridden:
                                    public open fun toString (): kotlin.String [fake_override] declared in kotlinx.coroutines.flow.FlowCollector
                                  $this: VALUE_PARAMETER name:<this> type:kotlin.Any
                                FIELD FIELD_FOR_CAPTURED_VALUE name:$tmp0 type:kotlin.Function1<T of com.alienspace.snackbar.ObserverEventsKt.ObserveAsEvents, kotlin.Unit> visibility:public/*package*/ [final]
                              CONSTRUCTOR_CALL 'public/*package*/ constructor <init> ($tmp0: kotlin.Function1<T of com.alienspace.snackbar.ObserverEventsKt.ObserveAsEvents, kotlin.Unit>) [primary] declared in com.alienspace.snackbar.ObserverEventsKt.ObserveAsEvents.<no name provided>.invokeSuspend.<no name provided>.invokeSuspend.<no name provided>' type=com.alienspace.snackbar.ObserverEventsKt.ObserveAsEvents.<no name provided>.invokeSuspend.<no name provided>.invokeSuspend.<no name provided> origin=null
                                $tmp0: GET_VAR 'val tmp0: kotlin.Function1<T of com.alienspace.snackbar.ObserverEventsKt.ObserveAsEvents, kotlin.Unit> [val] declared in com.alienspace.snackbar.ObserverEventsKt.ObserveAsEvents.<no name provided>.invokeSuspend.<no name provided>.invokeSuspend' type=kotlin.Function1<T of com.alienspace.snackbar.ObserverEventsKt.ObserveAsEvents, kotlin.Unit> origin=null
                          $completion: GET_VAR '<this>: com.alienspace.snackbar.ObserverEventsKt.ObserveAsEvents.<no name provided>.invokeSuspend.<no name provided> declared in com.alienspace.snackbar.ObserverEventsKt.ObserveAsEvents.<no name provided>.invokeSuspend.<no name provided>.invokeSuspend' type=com.alienspace.snackbar.ObserverEventsKt.ObserveAsEvents.<no name provided>.invokeSuspend.<no name provided> origin=null
                    FUN name:create visibility:public modality:FINAL <> ($this:com.alienspace.snackbar.ObserverEventsKt.ObserveAsEvents.<no name provided>.invokeSuspend.<no name provided>, value:kotlin.Any?, $completion:kotlin.coroutines.Continuation<kotlin.Nothing>) returnType:kotlin.coroutines.Continuation<kotlin.Unit>
                      overridden:
                        public open fun create (value: kotlin.Any?, $completion: kotlin.coroutines.Continuation<kotlin.Nothing>): kotlin.coroutines.Continuation<kotlin.Unit> declared in kotlin.coroutines.jvm.internal.SuspendLambda
                      $this: VALUE_PARAMETER INSTANCE_RECEIVER name:<this> type:com.alienspace.snackbar.ObserverEventsKt.ObserveAsEvents.<no name provided>.invokeSuspend.<no name provided>
                      VALUE_PARAMETER name:value index:0 type:kotlin.Any?
                      VALUE_PARAMETER name:$completion index:1 type:kotlin.coroutines.Continuation<kotlin.Nothing>
                      BLOCK_BODY
                        RETURN type=kotlin.Nothing from='public final fun create (value: kotlin.Any?, $completion: kotlin.coroutines.Continuation<kotlin.Nothing>): kotlin.coroutines.Continuation<kotlin.Unit> declared in com.alienspace.snackbar.ObserverEventsKt.ObserveAsEvents.<no name provided>.invokeSuspend.<no name provided>'
                          CONSTRUCTOR_CALL 'public/*package*/ constructor <init> ($flow: kotlinx.coroutines.flow.Flow<T of com.alienspace.snackbar.ObserverEventsKt.ObserveAsEvents>, $onEvent: kotlin.Function1<T of com.alienspace.snackbar.ObserverEventsKt.ObserveAsEvents, kotlin.Unit>, $completion: kotlin.coroutines.Continuation<com.alienspace.snackbar.ObserverEventsKt.ObserveAsEvents.<no name provided>.invokeSuspend.<no name provided>>?) [primary] declared in com.alienspace.snackbar.ObserverEventsKt.ObserveAsEvents.<no name provided>.invokeSuspend.<no name provided>' type=com.alienspace.snackbar.ObserverEventsKt.ObserveAsEvents.<no name provided>.invokeSuspend.<no name provided> origin=null
                            $flow: GET_FIELD 'FIELD FIELD_FOR_CAPTURED_VALUE name:$flow type:kotlinx.coroutines.flow.Flow<T of com.alienspace.snackbar.ObserverEventsKt.ObserveAsEvents> visibility:public/*package*/ [final]' type=kotlinx.coroutines.flow.Flow<T of com.alienspace.snackbar.ObserverEventsKt.ObserveAsEvents> origin=null
                              receiver: GET_VAR '<this>: com.alienspace.snackbar.ObserverEventsKt.ObserveAsEvents.<no name provided>.invokeSuspend.<no name provided> declared in com.alienspace.snackbar.ObserverEventsKt.ObserveAsEvents.<no name provided>.invokeSuspend.<no name provided>.create' type=com.alienspace.snackbar.ObserverEventsKt.ObserveAsEvents.<no name provided>.invokeSuspend.<no name provided> origin=null
                            $onEvent: GET_FIELD 'FIELD FIELD_FOR_CAPTURED_VALUE name:$onEvent type:kotlin.Function1<T of com.alienspace.snackbar.ObserverEventsKt.ObserveAsEvents, kotlin.Unit> visibility:public/*package*/ [final]' type=kotlin.Function1<T of com.alienspace.snackbar.ObserverEventsKt.ObserveAsEvents, kotlin.Unit> origin=null
                              receiver: GET_VAR '<this>: com.alienspace.snackbar.ObserverEventsKt.ObserveAsEvents.<no name provided>.invokeSuspend.<no name provided> declared in com.alienspace.snackbar.ObserverEventsKt.ObserveAsEvents.<no name provided>.invokeSuspend.<no name provided>.create' type=com.alienspace.snackbar.ObserverEventsKt.ObserveAsEvents.<no name provided>.invokeSuspend.<no name provided> origin=null
                            $completion: GET_VAR '$completion: kotlin.coroutines.Continuation<kotlin.Nothing> declared in com.alienspace.snackbar.ObserverEventsKt.ObserveAsEvents.<no name provided>.invokeSuspend.<no name provided>.create' type=kotlin.coroutines.Continuation<kotlin.Nothing> origin=null
                    FUN name:invoke visibility:public modality:FINAL <> ($this:com.alienspace.snackbar.ObserverEventsKt.ObserveAsEvents.<no name provided>.invokeSuspend.<no name provided>, p1:kotlinx.coroutines.CoroutineScope, p2:kotlin.coroutines.Continuation<kotlin.Unit>?) returnType:kotlin.Any?
                      overridden:
                        public abstract fun invoke (p1: P1 of kotlin.jvm.functions.Function2, p2: P2 of kotlin.jvm.functions.Function2): R of kotlin.jvm.functions.Function2 declared in kotlin.jvm.functions.Function2
                      $this: VALUE_PARAMETER INSTANCE_RECEIVER name:<this> type:com.alienspace.snackbar.ObserverEventsKt.ObserveAsEvents.<no name provided>.invokeSuspend.<no name provided>
                      VALUE_PARAMETER name:p1 index:0 type:kotlinx.coroutines.CoroutineScope
                      VALUE_PARAMETER name:p2 index:1 type:kotlin.coroutines.Continuation<kotlin.Unit>?
                      BLOCK_BODY
                        RETURN type=kotlin.Nothing from='public final fun invoke (p1: kotlinx.coroutines.CoroutineScope, p2: kotlin.coroutines.Continuation<kotlin.Unit>?): kotlin.Any? declared in com.alienspace.snackbar.ObserverEventsKt.ObserveAsEvents.<no name provided>.invokeSuspend.<no name provided>'
                          CALL 'public final fun invokeSuspend ($result: kotlin.Result<kotlin.Any?>): kotlin.Any? declared in com.alienspace.snackbar.ObserverEventsKt.ObserveAsEvents.<no name provided>.invokeSuspend.<no name provided>' type=kotlin.Any? origin=null
                            $this: TYPE_OP type=com.alienspace.snackbar.ObserverEventsKt.ObserveAsEvents.<no name provided>.invokeSuspend.<no name provided> origin=IMPLICIT_CAST typeOperand=com.alienspace.snackbar.ObserverEventsKt.ObserveAsEvents.<no name provided>.invokeSuspend.<no name provided>
                              CALL 'public final fun create (value: kotlin.Any?, $completion: kotlin.coroutines.Continuation<kotlin.Nothing>): kotlin.coroutines.Continuation<kotlin.Unit> declared in com.alienspace.snackbar.ObserverEventsKt.ObserveAsEvents.<no name provided>.invokeSuspend.<no name provided>' type=kotlin.coroutines.Continuation<kotlin.Unit> origin=null
                                $this: GET_VAR '<this>: com.alienspace.snackbar.ObserverEventsKt.ObserveAsEvents.<no name provided>.invokeSuspend.<no name provided> declared in com.alienspace.snackbar.ObserverEventsKt.ObserveAsEvents.<no name provided>.invokeSuspend.<no name provided>.invoke' type=com.alienspace.snackbar.ObserverEventsKt.ObserveAsEvents.<no name provided>.invokeSuspend.<no name provided> origin=null
                                value: GET_VAR 'p1: kotlinx.coroutines.CoroutineScope declared in com.alienspace.snackbar.ObserverEventsKt.ObserveAsEvents.<no name provided>.invokeSuspend.<no name provided>.invoke' type=kotlinx.coroutines.CoroutineScope origin=null
                                $completion: GET_VAR 'p2: kotlin.coroutines.Continuation<kotlin.Unit>? declared in com.alienspace.snackbar.ObserverEventsKt.ObserveAsEvents.<no name provided>.invokeSuspend.<no name provided>.invoke' type=kotlin.coroutines.Continuation<kotlin.Unit>? origin=null
                            $result: CALL 'public final fun <unsafe-coerce> <T, R> (v: T of kotlin.jvm.internal.<unsafe-coerce>): R of kotlin.jvm.internal.<unsafe-coerce> declared in kotlin.jvm.internal' type=kotlin.Result<kotlin.Any?> origin=null
                              <T>: kotlin.Any?
                              <R>: kotlin.Result<kotlin.Any?>
                              v: GET_FIELD 'FIELD FIELD_FOR_OBJECT_INSTANCE name:INSTANCE type:kotlin.Unit visibility:public [final,static]' type=kotlin.Unit origin=null
                    FIELD FIELD_FOR_CAPTURED_VALUE name:$flow type:kotlinx.coroutines.flow.Flow<T of com.alienspace.snackbar.ObserverEventsKt.ObserveAsEvents> visibility:public/*package*/ [final]
                    FIELD FIELD_FOR_CAPTURED_VALUE name:$onEvent type:kotlin.Function1<T of com.alienspace.snackbar.ObserverEventsKt.ObserveAsEvents, kotlin.Unit> visibility:public/*package*/ [final]
                    FUN ADAPTER_FOR_SUSPEND_CONVERSION name:invokeSuspend$suspendConversion0 visibility:private modality:FINAL <T> ($receiver:kotlin.Function1<T of com.alienspace.snackbar.ObserverEventsKt.ObserveAsEvents.<no name provided>.invokeSuspend.<no name provided>.invokeSuspend$suspendConversion0, kotlin.Unit>, p0:T of com.alienspace.snackbar.ObserverEventsKt.ObserveAsEvents.<no name provided>.invokeSuspend.<no name provided>.invokeSuspend$suspendConversion0, $completion:kotlin.coroutines.Continuation<kotlin.Unit>) returnType:kotlin.Any? [suspend]
                      TYPE_PARAMETER name:T index:0 variance: superTypes:[kotlin.Any?] reified:false
                      $receiver: VALUE_PARAMETER ADAPTER_PARAMETER_FOR_SUSPEND_CONVERSION name:$callee type:kotlin.Function1<T of com.alienspace.snackbar.ObserverEventsKt.ObserveAsEvents.<no name provided>.invokeSuspend.<no name provided>.invokeSuspend$suspendConversion0, kotlin.Unit>
                      VALUE_PARAMETER ADAPTER_PARAMETER_FOR_SUSPEND_CONVERSION name:p0 index:0 type:T of com.alienspace.snackbar.ObserverEventsKt.ObserveAsEvents.<no name provided>.invokeSuspend.<no name provided>.invokeSuspend$suspendConversion0
                      VALUE_PARAMETER CONTINUATION_CLASS name:$completion index:1 type:kotlin.coroutines.Continuation<kotlin.Unit>
                      BLOCK_BODY
                        CLASS CONTINUATION_CLASS CLASS name:<Continuation> modality:FINAL visibility:public/*package*/ superTypes:[kotlin.coroutines.jvm.internal.ContinuationImpl]
                          $this: VALUE_PARAMETER INSTANCE_RECEIVER name:<this> type:com.alienspace.snackbar.ObserverEventsKt.ObserveAsEvents.<no name provided>.invokeSuspend.<no name provided>.invokeSuspend$suspendConversion0.<Continuation>
                          TYPE_PARAMETER name:T index:0 variance: superTypes:[kotlin.Any?] reified:false
                          FIELD CONTINUATION_CLASS_RESULT_FIELD name:result type:kotlin.Result<kotlin.Any?> visibility:public/*package*/
                          FIELD name:label type:kotlin.Int visibility:public/*package*/
                          CONSTRUCTOR visibility:public/*package*/ <> ($completion:kotlin.coroutines.Continuation<com.alienspace.snackbar.ObserverEventsKt.ObserveAsEvents.<no name provided>.invokeSuspend.<no name provided>.invokeSuspend$suspendConversion0.<Continuation>>?) returnType:com.alienspace.snackbar.ObserverEventsKt.ObserveAsEvents.<no name provided>.invokeSuspend.<no name provided>.invokeSuspend$suspendConversion0.<Continuation> [primary]
                            VALUE_PARAMETER name:$completion index:0 type:kotlin.coroutines.Continuation<com.alienspace.snackbar.ObserverEventsKt.ObserveAsEvents.<no name provided>.invokeSuspend.<no name provided>.invokeSuspend$suspendConversion0.<Continuation>>?
                            BLOCK_BODY
                              DELEGATING_CONSTRUCTOR_CALL 'public constructor <init> ($completion: kotlin.coroutines.Continuation<kotlin.Any?>?) declared in kotlin.coroutines.jvm.internal.ContinuationImpl'
                                $completion: GET_VAR '$completion: kotlin.coroutines.Continuation<com.alienspace.snackbar.ObserverEventsKt.ObserveAsEvents.<no name provided>.invokeSuspend.<no name provided>.invokeSuspend$suspendConversion0.<Continuation>>? declared in com.alienspace.snackbar.ObserverEventsKt.ObserveAsEvents.<no name provided>.invokeSuspend.<no name provided>.invokeSuspend$suspendConversion0.<Continuation>.<init>' type=kotlin.coroutines.Continuation<com.alienspace.snackbar.ObserverEventsKt.ObserveAsEvents.<no name provided>.invokeSuspend.<no name provided>.invokeSuspend$suspendConversion0.<Continuation>>? origin=null
                          FUN name:invokeSuspend visibility:public modality:FINAL <> ($this:com.alienspace.snackbar.ObserverEventsKt.ObserveAsEvents.<no name provided>.invokeSuspend.<no name provided>.invokeSuspend$suspendConversion0.<Continuation>, $result:kotlin.Result<kotlin.Any?>) returnType:kotlin.Any?
                            overridden:
                              public abstract fun invokeSuspend ($result: kotlin.Result<kotlin.Any?>): kotlin.Any? declared in kotlin.coroutines.jvm.internal.ContinuationImpl
                            $this: VALUE_PARAMETER INSTANCE_RECEIVER name:<this> type:com.alienspace.snackbar.ObserverEventsKt.ObserveAsEvents.<no name provided>.invokeSuspend.<no name provided>.invokeSuspend$suspendConversion0.<Continuation>
                            VALUE_PARAMETER name:$result index:0 type:kotlin.Result<kotlin.Any?>
                            BLOCK_BODY
                              SET_FIELD 'FIELD CONTINUATION_CLASS_RESULT_FIELD name:result type:kotlin.Result<kotlin.Any?> visibility:public/*package*/' type=kotlin.Unit origin=null
                                receiver: GET_VAR '<this>: com.alienspace.snackbar.ObserverEventsKt.ObserveAsEvents.<no name provided>.invokeSuspend.<no name provided>.invokeSuspend$suspendConversion0.<Continuation> declared in com.alienspace.snackbar.ObserverEventsKt.ObserveAsEvents.<no name provided>.invokeSuspend.<no name provided>.invokeSuspend$suspendConversion0.<Continuation>.invokeSuspend' type=com.alienspace.snackbar.ObserverEventsKt.ObserveAsEvents.<no name provided>.invokeSuspend.<no name provided>.invokeSuspend$suspendConversion0.<Continuation> origin=null
                                value: GET_VAR '$result: kotlin.Result<kotlin.Any?> declared in com.alienspace.snackbar.ObserverEventsKt.ObserveAsEvents.<no name provided>.invokeSuspend.<no name provided>.invokeSuspend$suspendConversion0.<Continuation>.invokeSuspend' type=kotlin.Result<kotlin.Any?> origin=null
                              SET_FIELD 'FIELD name:label type:kotlin.Int visibility:public/*package*/' type=kotlin.Unit origin=null
                                receiver: GET_VAR '<this>: com.alienspace.snackbar.ObserverEventsKt.ObserveAsEvents.<no name provided>.invokeSuspend.<no name provided>.invokeSuspend$suspendConversion0.<Continuation> declared in com.alienspace.snackbar.ObserverEventsKt.ObserveAsEvents.<no name provided>.invokeSuspend.<no name provided>.invokeSuspend$suspendConversion0.<Continuation>.invokeSuspend' type=com.alienspace.snackbar.ObserverEventsKt.ObserveAsEvents.<no name provided>.invokeSuspend.<no name provided>.invokeSuspend$suspendConversion0.<Continuation> origin=null
                                value: CALL 'public final fun or (other: kotlin.Int): kotlin.Int [infix] declared in kotlin.Int' type=kotlin.Int origin=null
                                  $this: GET_FIELD 'FIELD name:label type:kotlin.Int visibility:public/*package*/' type=kotlin.Int origin=null
                                    receiver: GET_VAR '<this>: com.alienspace.snackbar.ObserverEventsKt.ObserveAsEvents.<no name provided>.invokeSuspend.<no name provided>.invokeSuspend$suspendConversion0.<Continuation> declared in com.alienspace.snackbar.ObserverEventsKt.ObserveAsEvents.<no name provided>.invokeSuspend.<no name provided>.invokeSuspend$suspendConversion0.<Continuation>.invokeSuspend' type=com.alienspace.snackbar.ObserverEventsKt.ObserveAsEvents.<no name provided>.invokeSuspend.<no name provided>.invokeSuspend$suspendConversion0.<Continuation> origin=null
                                  other: CONST Int type=kotlin.Int value=-2147483648
                              RETURN type=kotlin.Nothing from='public final fun invokeSuspend ($result: kotlin.Result<kotlin.Any?>): kotlin.Any? declared in com.alienspace.snackbar.ObserverEventsKt.ObserveAsEvents.<no name provided>.invokeSuspend.<no name provided>.invokeSuspend$suspendConversion0.<Continuation>'
                                CALL 'public final fun access$invokeSuspend$suspendConversion0 <T> ($receiver: kotlin.Function1<T of com.alienspace.snackbar.ObserverEventsKt.ObserveAsEvents.<no name provided>.invokeSuspend.<no name provided>.access$invokeSuspend$suspendConversion0, kotlin.Unit>, p0: T of com.alienspace.snackbar.ObserverEventsKt.ObserveAsEvents.<no name provided>.invokeSuspend.<no name provided>.access$invokeSuspend$suspendConversion0, $completion: kotlin.coroutines.Continuation<kotlin.Unit>): kotlin.Any? [suspend] declared in com.alienspace.snackbar.ObserverEventsKt.ObserveAsEvents.<no name provided>.invokeSuspend.<no name provided>' type=kotlin.Any? origin=null
                                  <T>: T of com.alienspace.snackbar.ObserverEventsKt.ObserveAsEvents.<no name provided>.invokeSuspend.<no name provided>.invokeSuspend$suspendConversion0.<Continuation>
                                  $receiver: CONST Null type=kotlin.Function1<T of com.alienspace.snackbar.ObserverEventsKt.ObserveAsEvents.<no name provided>.invokeSuspend.<no name provided>.invokeSuspend$suspendConversion0, kotlin.Unit>? value=null
                                  p0: CONST Null type=kotlin.Any? value=null
                                  $completion: GET_VAR '<this>: com.alienspace.snackbar.ObserverEventsKt.ObserveAsEvents.<no name provided>.invokeSuspend.<no name provided>.invokeSuspend$suspendConversion0.<Continuation> declared in com.alienspace.snackbar.ObserverEventsKt.ObserveAsEvents.<no name provided>.invokeSuspend.<no name provided>.invokeSuspend$suspendConversion0.<Continuation>.invokeSuspend' type=com.alienspace.snackbar.ObserverEventsKt.ObserveAsEvents.<no name provided>.invokeSuspend.<no name provided>.invokeSuspend$suspendConversion0.<Continuation> origin=null
                        CALL 'public abstract fun invoke (p1: P1 of kotlin.Function1): R of kotlin.Function1 [operator] declared in kotlin.Function1' type=kotlin.Unit origin=null
                          $this: GET_VAR '$callee: kotlin.Function1<T of com.alienspace.snackbar.ObserverEventsKt.ObserveAsEvents.<no name provided>.invokeSuspend.<no name provided>.invokeSuspend$suspendConversion0, kotlin.Unit> declared in com.alienspace.snackbar.ObserverEventsKt.ObserveAsEvents.<no name provided>.invokeSuspend.<no name provided>.invokeSuspend$suspendConversion0' type=kotlin.Function1<T of com.alienspace.snackbar.ObserverEventsKt.ObserveAsEvents.<no name provided>.invokeSuspend.<no name provided>.invokeSuspend$suspendConversion0, kotlin.Unit> origin=null
                          p1: GET_VAR 'p0: T of com.alienspace.snackbar.ObserverEventsKt.ObserveAsEvents.<no name provided>.invokeSuspend.<no name provided>.invokeSuspend$suspendConversion0 declared in com.alienspace.snackbar.ObserverEventsKt.ObserveAsEvents.<no name provided>.invokeSuspend.<no name provided>.invokeSuspend$suspendConversion0' type=T of com.alienspace.snackbar.ObserverEventsKt.ObserveAsEvents.<no name provided>.invokeSuspend.<no name provided>.invokeSuspend$suspendConversion0 origin=null
                    FUN BRIDGE name:invoke visibility:public modality:OPEN <> ($this:com.alienspace.snackbar.ObserverEventsKt.ObserveAsEvents.<no name provided>.invokeSuspend.<no name provided>, p1:kotlin.Any?, p2:kotlin.Any?) returnType:kotlin.Any?
                      $this: VALUE_PARAMETER INSTANCE_RECEIVER name:<this> type:com.alienspace.snackbar.ObserverEventsKt.ObserveAsEvents.<no name provided>.invokeSuspend.<no name provided>
                      VALUE_PARAMETER BRIDGE name:p1 index:0 type:kotlin.Any?
                      VALUE_PARAMETER BRIDGE name:p2 index:1 type:kotlin.Any?
                      EXPRESSION_BODY
                        RETURN type=kotlin.Nothing from='public open fun invoke (p1: kotlin.Any?, p2: kotlin.Any?): kotlin.Any? declared in com.alienspace.snackbar.ObserverEventsKt.ObserveAsEvents.<no name provided>.invokeSuspend.<no name provided>'
                          CALL 'public final fun invoke (p1: kotlinx.coroutines.CoroutineScope, p2: kotlin.coroutines.Continuation<kotlin.Unit>?): kotlin.Any? declared in com.alienspace.snackbar.ObserverEventsKt.ObserveAsEvents.<no name provided>.invokeSuspend.<no name provided>' type=kotlin.Any? origin=BRIDGE_DELEGATION
                            $this: GET_VAR '<this>: com.alienspace.snackbar.ObserverEventsKt.ObserveAsEvents.<no name provided>.invokeSuspend.<no name provided> declared in com.alienspace.snackbar.ObserverEventsKt.ObserveAsEvents.<no name provided>.invokeSuspend.<no name provided>.invoke' type=com.alienspace.snackbar.ObserverEventsKt.ObserveAsEvents.<no name provided>.invokeSuspend.<no name provided> origin=null
                            p1: TYPE_OP type=kotlinx.coroutines.CoroutineScope origin=IMPLICIT_CAST typeOperand=kotlinx.coroutines.CoroutineScope
                              GET_VAR 'p1: kotlin.Any? declared in com.alienspace.snackbar.ObserverEventsKt.ObserveAsEvents.<no name provided>.invokeSuspend.<no name provided>.invoke' type=kotlin.Any? origin=null
                            p2: TYPE_OP type=kotlin.coroutines.Continuation<*> origin=IMPLICIT_CAST typeOperand=kotlin.coroutines.Continuation<*>
                              GET_VAR 'p2: kotlin.Any? declared in com.alienspace.snackbar.ObserverEventsKt.ObserveAsEvents.<no name provided>.invokeSuspend.<no name provided>.invoke' type=kotlin.Any? origin=null
                    FUN SYNTHETIC_ACCESSOR name:access$invokeSuspend$suspendConversion0 visibility:public modality:FINAL <T> ($receiver:kotlin.Function1<T of com.alienspace.snackbar.ObserverEventsKt.ObserveAsEvents.<no name provided>.invokeSuspend.<no name provided>.access$invokeSuspend$suspendConversion0, kotlin.Unit>, p0:T of com.alienspace.snackbar.ObserverEventsKt.ObserveAsEvents.<no name provided>.invokeSuspend.<no name provided>.access$invokeSuspend$suspendConversion0, $completion:kotlin.coroutines.Continuation<kotlin.Unit>) returnType:kotlin.Any? [suspend]
                      TYPE_PARAMETER SYNTHETIC_ACCESSOR name:T index:0 variance: superTypes:[kotlin.Any?] reified:false
                      VALUE_PARAMETER ADAPTER_PARAMETER_FOR_SUSPEND_CONVERSION name:$receiver index:0 type:kotlin.Function1<T of com.alienspace.snackbar.ObserverEventsKt.ObserveAsEvents.<no name provided>.invokeSuspend.<no name provided>.access$invokeSuspend$suspendConversion0, kotlin.Unit>
                      VALUE_PARAMETER SYNTHETIC_ACCESSOR name:p0 index:1 type:T of com.alienspace.snackbar.ObserverEventsKt.ObserveAsEvents.<no name provided>.invokeSuspend.<no name provided>.access$invokeSuspend$suspendConversion0
                      VALUE_PARAMETER SYNTHETIC_ACCESSOR name:$completion index:2 type:kotlin.coroutines.Continuation<kotlin.Unit>
                      EXPRESSION_BODY
                        CALL 'private final fun invokeSuspend$suspendConversion0 <T> (p0: T of com.alienspace.snackbar.ObserverEventsKt.ObserveAsEvents.<no name provided>.invokeSuspend.<no name provided>.invokeSuspend$suspendConversion0, $completion: kotlin.coroutines.Continuation<kotlin.Unit>): kotlin.Any? [suspend] declared in com.alienspace.snackbar.ObserverEventsKt.ObserveAsEvents.<no name provided>.invokeSuspend.<no name provided>' type=kotlin.Any? origin=null
                          <T>: T of com.alienspace.snackbar.ObserverEventsKt.ObserveAsEvents.<no name provided>.invokeSuspend.<no name provided>.access$invokeSuspend$suspendConversion0
                          $receiver: GET_VAR '$receiver: kotlin.Function1<T of com.alienspace.snackbar.ObserverEventsKt.ObserveAsEvents.<no name provided>.invokeSuspend.<no name provided>.access$invokeSuspend$suspendConversion0, kotlin.Unit> declared in com.alienspace.snackbar.ObserverEventsKt.ObserveAsEvents.<no name provided>.invokeSuspend.<no name provided>.access$invokeSuspend$suspendConversion0' type=kotlin.Function1<T of com.alienspace.snackbar.ObserverEventsKt.ObserveAsEvents.<no name provided>.invokeSuspend.<no name provided>.access$invokeSuspend$suspendConversion0, kotlin.Unit> origin=null
                          p0: GET_VAR 'p0: T of com.alienspace.snackbar.ObserverEventsKt.ObserveAsEvents.<no name provided>.invokeSuspend.<no name provided>.access$invokeSuspend$suspendConversion0 declared in com.alienspace.snackbar.ObserverEventsKt.ObserveAsEvents.<no name provided>.invokeSuspend.<no name provided>.access$invokeSuspend$suspendConversion0' type=T of com.alienspace.snackbar.ObserverEventsKt.ObserveAsEvents.<no name provided>.invokeSuspend.<no name provided>.access$invokeSuspend$suspendConversion0 origin=null
                          $completion: GET_VAR '$completion: kotlin.coroutines.Continuation<kotlin.Unit> declared in com.alienspace.snackbar.ObserverEventsKt.ObserveAsEvents.<no name provided>.invokeSuspend.<no name provided>.access$invokeSuspend$suspendConversion0' type=kotlin.coroutines.Continuation<kotlin.Unit> origin=null
                  CONSTRUCTOR_CALL 'public/*package*/ constructor <init> ($flow: kotlinx.coroutines.flow.Flow<T of com.alienspace.snackbar.ObserverEventsKt.ObserveAsEvents>, $onEvent: kotlin.Function1<T of com.alienspace.snackbar.ObserverEventsKt.ObserveAsEvents, kotlin.Unit>, $completion: kotlin.coroutines.Continuation<com.alienspace.snackbar.ObserverEventsKt.ObserveAsEvents.<no name provided>.invokeSuspend.<no name provided>>?) [primary] declared in com.alienspace.snackbar.ObserverEventsKt.ObserveAsEvents.<no name provided>.invokeSuspend.<no name provided>' type=com.alienspace.snackbar.ObserverEventsKt.ObserveAsEvents.<no name provided>.invokeSuspend.<no name provided> origin=null
                    $flow: GET_FIELD 'FIELD FIELD_FOR_CAPTURED_VALUE name:$flow type:kotlinx.coroutines.flow.Flow<T of com.alienspace.snackbar.ObserverEventsKt.ObserveAsEvents> visibility:public/*package*/ [final]' type=kotlinx.coroutines.flow.Flow<T of com.alienspace.snackbar.ObserverEventsKt.ObserveAsEvents> origin=null
                      receiver: GET_VAR '<this>: com.alienspace.snackbar.ObserverEventsKt.ObserveAsEvents.<no name provided> declared in com.alienspace.snackbar.ObserverEventsKt.ObserveAsEvents.<no name provided>.invokeSuspend' type=com.alienspace.snackbar.ObserverEventsKt.ObserveAsEvents.<no name provided> origin=null
                    $onEvent: GET_FIELD 'FIELD FIELD_FOR_CAPTURED_VALUE name:$onEvent type:kotlin.Function1<T of com.alienspace.snackbar.ObserverEventsKt.ObserveAsEvents, kotlin.Unit> visibility:public/*package*/ [final]' type=kotlin.Function1<T of com.alienspace.snackbar.ObserverEventsKt.ObserveAsEvents, kotlin.Unit> origin=null
                      receiver: GET_VAR '<this>: com.alienspace.snackbar.ObserverEventsKt.ObserveAsEvents.<no name provided> declared in com.alienspace.snackbar.ObserverEventsKt.ObserveAsEvents.<no name provided>.invokeSuspend' type=com.alienspace.snackbar.ObserverEventsKt.ObserveAsEvents.<no name provided> origin=null
                    $completion: CONST Null type=kotlin.Nothing? value=null
                $completion: GET_VAR '<this>: com.alienspace.snackbar.ObserverEventsKt.ObserveAsEvents.<no name provided> declared in com.alienspace.snackbar.ObserverEventsKt.ObserveAsEvents.<no name provided>.invokeSuspend' type=com.alienspace.snackbar.ObserverEventsKt.ObserveAsEvents.<no name provided> origin=null
          FUN name:create visibility:public modality:FINAL <> ($this:com.alienspace.snackbar.ObserverEventsKt.ObserveAsEvents.<no name provided>, value:kotlin.Any?, $completion:kotlin.coroutines.Continuation<kotlin.Nothing>) returnType:kotlin.coroutines.Continuation<kotlin.Unit>
            overridden:
              public open fun create (value: kotlin.Any?, $completion: kotlin.coroutines.Continuation<kotlin.Nothing>): kotlin.coroutines.Continuation<kotlin.Unit> declared in kotlin.coroutines.jvm.internal.SuspendLambda
            $this: VALUE_PARAMETER INSTANCE_RECEIVER name:<this> type:com.alienspace.snackbar.ObserverEventsKt.ObserveAsEvents.<no name provided>
            VALUE_PARAMETER name:value index:0 type:kotlin.Any?
            VALUE_PARAMETER name:$completion index:1 type:kotlin.coroutines.Continuation<kotlin.Nothing>
            BLOCK_BODY
              RETURN type=kotlin.Nothing from='public final fun create (value: kotlin.Any?, $completion: kotlin.coroutines.Continuation<kotlin.Nothing>): kotlin.coroutines.Continuation<kotlin.Unit> declared in com.alienspace.snackbar.ObserverEventsKt.ObserveAsEvents.<no name provided>'
                CONSTRUCTOR_CALL 'public/*package*/ constructor <init> ($flow: kotlinx.coroutines.flow.Flow<T of com.alienspace.snackbar.ObserverEventsKt.ObserveAsEvents>, $onEvent: kotlin.Function1<T of com.alienspace.snackbar.ObserverEventsKt.ObserveAsEvents, kotlin.Unit>, $completion: kotlin.coroutines.Continuation<com.alienspace.snackbar.ObserverEventsKt.ObserveAsEvents.<no name provided>>?) [primary] declared in com.alienspace.snackbar.ObserverEventsKt.ObserveAsEvents.<no name provided>' type=com.alienspace.snackbar.ObserverEventsKt.ObserveAsEvents.<no name provided> origin=null
                  $flow: GET_FIELD 'FIELD FIELD_FOR_CAPTURED_VALUE name:$flow type:kotlinx.coroutines.flow.Flow<T of com.alienspace.snackbar.ObserverEventsKt.ObserveAsEvents> visibility:public/*package*/ [final]' type=kotlinx.coroutines.flow.Flow<T of com.alienspace.snackbar.ObserverEventsKt.ObserveAsEvents> origin=null
                    receiver: GET_VAR '<this>: com.alienspace.snackbar.ObserverEventsKt.ObserveAsEvents.<no name provided> declared in com.alienspace.snackbar.ObserverEventsKt.ObserveAsEvents.<no name provided>.create' type=com.alienspace.snackbar.ObserverEventsKt.ObserveAsEvents.<no name provided> origin=null
                  $onEvent: GET_FIELD 'FIELD FIELD_FOR_CAPTURED_VALUE name:$onEvent type:kotlin.Function1<T of com.alienspace.snackbar.ObserverEventsKt.ObserveAsEvents, kotlin.Unit> visibility:public/*package*/ [final]' type=kotlin.Function1<T of com.alienspace.snackbar.ObserverEventsKt.ObserveAsEvents, kotlin.Unit> origin=null
                    receiver: GET_VAR '<this>: com.alienspace.snackbar.ObserverEventsKt.ObserveAsEvents.<no name provided> declared in com.alienspace.snackbar.ObserverEventsKt.ObserveAsEvents.<no name provided>.create' type=com.alienspace.snackbar.ObserverEventsKt.ObserveAsEvents.<no name provided> origin=null
                  $completion: GET_VAR '$completion: kotlin.coroutines.Continuation<kotlin.Nothing> declared in com.alienspace.snackbar.ObserverEventsKt.ObserveAsEvents.<no name provided>.create' type=kotlin.coroutines.Continuation<kotlin.Nothing> origin=null
          FUN name:invoke visibility:public modality:FINAL <> ($this:com.alienspace.snackbar.ObserverEventsKt.ObserveAsEvents.<no name provided>, p1:kotlinx.coroutines.CoroutineScope, p2:kotlin.coroutines.Continuation<kotlin.Unit>?) returnType:kotlin.Any?
            overridden:
              public abstract fun invoke (p1: P1 of kotlin.jvm.functions.Function2, p2: P2 of kotlin.jvm.functions.Function2): R of kotlin.jvm.functions.Function2 declared in kotlin.jvm.functions.Function2
            $this: VALUE_PARAMETER INSTANCE_RECEIVER name:<this> type:com.alienspace.snackbar.ObserverEventsKt.ObserveAsEvents.<no name provided>
            VALUE_PARAMETER name:p1 index:0 type:kotlinx.coroutines.CoroutineScope
            VALUE_PARAMETER name:p2 index:1 type:kotlin.coroutines.Continuation<kotlin.Unit>?
            BLOCK_BODY
              RETURN type=kotlin.Nothing from='public final fun invoke (p1: kotlinx.coroutines.CoroutineScope, p2: kotlin.coroutines.Continuation<kotlin.Unit>?): kotlin.Any? declared in com.alienspace.snackbar.ObserverEventsKt.ObserveAsEvents.<no name provided>'
                CALL 'public final fun invokeSuspend ($result: kotlin.Result<kotlin.Any?>): kotlin.Any? declared in com.alienspace.snackbar.ObserverEventsKt.ObserveAsEvents.<no name provided>' type=kotlin.Any? origin=null
                  $this: TYPE_OP type=com.alienspace.snackbar.ObserverEventsKt.ObserveAsEvents.<no name provided> origin=IMPLICIT_CAST typeOperand=com.alienspace.snackbar.ObserverEventsKt.ObserveAsEvents.<no name provided>
                    CALL 'public final fun create (value: kotlin.Any?, $completion: kotlin.coroutines.Continuation<kotlin.Nothing>): kotlin.coroutines.Continuation<kotlin.Unit> declared in com.alienspace.snackbar.ObserverEventsKt.ObserveAsEvents.<no name provided>' type=kotlin.coroutines.Continuation<kotlin.Unit> origin=null
                      $this: GET_VAR '<this>: com.alienspace.snackbar.ObserverEventsKt.ObserveAsEvents.<no name provided> declared in com.alienspace.snackbar.ObserverEventsKt.ObserveAsEvents.<no name provided>.invoke' type=com.alienspace.snackbar.ObserverEventsKt.ObserveAsEvents.<no name provided> origin=null
                      value: GET_VAR 'p1: kotlinx.coroutines.CoroutineScope declared in com.alienspace.snackbar.ObserverEventsKt.ObserveAsEvents.<no name provided>.invoke' type=kotlinx.coroutines.CoroutineScope origin=null
                      $completion: GET_VAR 'p2: kotlin.coroutines.Continuation<kotlin.Unit>? declared in com.alienspace.snackbar.ObserverEventsKt.ObserveAsEvents.<no name provided>.invoke' type=kotlin.coroutines.Continuation<kotlin.Unit>? origin=null
                  $result: CALL 'public final fun <unsafe-coerce> <T, R> (v: T of kotlin.jvm.internal.<unsafe-coerce>): R of kotlin.jvm.internal.<unsafe-coerce> declared in kotlin.jvm.internal' type=kotlin.Result<kotlin.Any?> origin=null
                    <T>: kotlin.Any?
                    <R>: kotlin.Result<kotlin.Any?>
                    v: GET_FIELD 'FIELD FIELD_FOR_OBJECT_INSTANCE name:INSTANCE type:kotlin.Unit visibility:public [final,static]' type=kotlin.Unit origin=null
          FIELD FIELD_FOR_CAPTURED_VALUE name:$flow type:kotlinx.coroutines.flow.Flow<T of com.alienspace.snackbar.ObserverEventsKt.ObserveAsEvents> visibility:public/*package*/ [final]
          FIELD FIELD_FOR_CAPTURED_VALUE name:$onEvent type:kotlin.Function1<T of com.alienspace.snackbar.ObserverEventsKt.ObserveAsEvents, kotlin.Unit> visibility:public/*package*/ [final]
          FUN BRIDGE name:invoke visibility:public modality:OPEN <> ($this:com.alienspace.snackbar.ObserverEventsKt.ObserveAsEvents.<no name provided>, p1:kotlin.Any?, p2:kotlin.Any?) returnType:kotlin.Any?
            $this: VALUE_PARAMETER INSTANCE_RECEIVER name:<this> type:com.alienspace.snackbar.ObserverEventsKt.ObserveAsEvents.<no name provided>
            VALUE_PARAMETER BRIDGE name:p1 index:0 type:kotlin.Any?
            VALUE_PARAMETER BRIDGE name:p2 index:1 type:kotlin.Any?
            EXPRESSION_BODY
              RETURN type=kotlin.Nothing from='public open fun invoke (p1: kotlin.Any?, p2: kotlin.Any?): kotlin.Any? declared in com.alienspace.snackbar.ObserverEventsKt.ObserveAsEvents.<no name provided>'
                CALL 'public final fun invoke (p1: kotlinx.coroutines.CoroutineScope, p2: kotlin.coroutines.Continuation<kotlin.Unit>?): kotlin.Any? declared in com.alienspace.snackbar.ObserverEventsKt.ObserveAsEvents.<no name provided>' type=kotlin.Any? origin=BRIDGE_DELEGATION
                  $this: GET_VAR '<this>: com.alienspace.snackbar.ObserverEventsKt.ObserveAsEvents.<no name provided> declared in com.alienspace.snackbar.ObserverEventsKt.ObserveAsEvents.<no name provided>.invoke' type=com.alienspace.snackbar.ObserverEventsKt.ObserveAsEvents.<no name provided> origin=null
                  p1: TYPE_OP type=kotlinx.coroutines.CoroutineScope origin=IMPLICIT_CAST typeOperand=kotlinx.coroutines.CoroutineScope
                    GET_VAR 'p1: kotlin.Any? declared in com.alienspace.snackbar.ObserverEventsKt.ObserveAsEvents.<no name provided>.invoke' type=kotlin.Any? origin=null
                  p2: TYPE_OP type=kotlin.coroutines.Continuation<*> origin=IMPLICIT_CAST typeOperand=kotlin.coroutines.Continuation<*>
                    GET_VAR 'p2: kotlin.Any? declared in com.alienspace.snackbar.ObserverEventsKt.ObserveAsEvents.<no name provided>.invoke' type=kotlin.Any? origin=null
        CONSTRUCTOR_CALL 'public/*package*/ constructor <init> ($flow: kotlinx.coroutines.flow.Flow<T of com.alienspace.snackbar.ObserverEventsKt.ObserveAsEvents>, $onEvent: kotlin.Function1<T of com.alienspace.snackbar.ObserverEventsKt.ObserveAsEvents, kotlin.Unit>, $completion: kotlin.coroutines.Continuation<com.alienspace.snackbar.ObserverEventsKt.ObserveAsEvents.<no name provided>>?) [primary] declared in com.alienspace.snackbar.ObserverEventsKt.ObserveAsEvents.<no name provided>' type=com.alienspace.snackbar.ObserverEventsKt.ObserveAsEvents.<no name provided> origin=null
          $flow: GET_VAR 'flow: kotlinx.coroutines.flow.Flow<T of com.alienspace.snackbar.ObserverEventsKt.ObserveAsEvents> declared in com.alienspace.snackbar.ObserverEventsKt.ObserveAsEvents' type=kotlinx.coroutines.flow.Flow<T of com.alienspace.snackbar.ObserverEventsKt.ObserveAsEvents> origin=null
          $onEvent: GET_VAR 'onEvent: kotlin.Function1<T of com.alienspace.snackbar.ObserverEventsKt.ObserveAsEvents, kotlin.Unit> declared in com.alienspace.snackbar.ObserverEventsKt.ObserveAsEvents' type=kotlin.Function1<T of com.alienspace.snackbar.ObserverEventsKt.ObserveAsEvents, kotlin.Unit> origin=null
          $completion: CONST Null type=kotlin.Nothing? value=null

	at org.jetbrains.kotlin.backend.jvm.codegen.FunctionCodegen.generate(FunctionCodegen.kt:50)
	at org.jetbrains.kotlin.backend.jvm.codegen.FunctionCodegen.generate$default(FunctionCodegen.kt:42)
	at org.jetbrains.kotlin.backend.jvm.codegen.ClassCodegen.generateMethodNode(ClassCodegen.kt:385)
	at org.jetbrains.kotlin.backend.jvm.codegen.ClassCodegen.generateMethod(ClassCodegen.kt:402)
	at org.jetbrains.kotlin.backend.jvm.codegen.ClassCodegen.generate(ClassCodegen.kt:169)
	at org.jetbrains.kotlin.backend.jvm.FileCodegen.lower(JvmPhases.kt:41)
	at org.jetbrains.kotlin.backend.common.phaser.PhaseBuildersKt.makeIrFilePhase$lambda$5(PhaseBuilders.kt:114)
	at org.jetbrains.kotlin.backend.common.phaser.PhaseBuildersKt$createSimpleNamedCompilerPhase$1.phaseBody(PhaseBuilders.kt:71)
	at org.jetbrains.kotlin.backend.common.phaser.SimpleNamedCompilerPhase.phaseBody(CompilerPhase.kt:226)
	at org.jetbrains.kotlin.backend.common.phaser.AbstractNamedCompilerPhase.invoke(CompilerPhase.kt:113)
	at org.jetbrains.kotlin.backend.common.phaser.PerformByIrFilePhase.invokeSequential(performByIrFile.kt:62)
	... 45 more
Caused by: org.jetbrains.kotlin.codegen.CompilationException: Back-end (JVM) Internal error: Couldn't inline method call: CALL 'public final fun <get-current> (): T of androidx.compose.runtime.CompositionLocal [inline] declared in androidx.compose.runtime.CompositionLocal' type=androidx.lifecycle.LifecycleOwner origin=GET_PROPERTY
Method: null
File is unknown
The root cause java.lang.IllegalStateException was thrown at: org.jetbrains.kotlin.codegen.inline.SourceCompilerForInlineKt.getMethodNode(SourceCompilerForInline.kt:118)
	at org.jetbrains.kotlin.codegen.inline.InlineCodegen.performInline(InlineCodegen.kt:65)
	at org.jetbrains.kotlin.backend.jvm.codegen.IrInlineCodegen.genInlineCall(IrInlineCodegen.kt:162)
	at org.jetbrains.kotlin.backend.jvm.codegen.IrInlineCallGenerator.genCall(IrInlineCallGenerator.kt:36)
	at org.jetbrains.kotlin.backend.jvm.codegen.ExpressionCodegen.visitCall(ExpressionCodegen.kt:647)
	at org.jetbrains.kotlin.backend.jvm.codegen.ExpressionCodegen.visitCall(ExpressionCodegen.kt:137)
	at org.jetbrains.kotlin.ir.expressions.IrCall.accept(IrCall.kt:24)
	at org.jetbrains.kotlin.backend.jvm.codegen.ExpressionCodegen.visitVariable(ExpressionCodegen.kt:784)
	at org.jetbrains.kotlin.backend.jvm.codegen.ExpressionCodegen.visitVariable(ExpressionCodegen.kt:137)
	at org.jetbrains.kotlin.ir.declarations.IrVariable.accept(IrVariable.kt:36)
	at org.jetbrains.kotlin.backend.jvm.codegen.ExpressionCodegen.visitStatementContainer(ExpressionCodegen.kt:573)
	at org.jetbrains.kotlin.backend.jvm.codegen.ExpressionCodegen.visitBlockBody(ExpressionCodegen.kt:578)
	at org.jetbrains.kotlin.backend.jvm.codegen.ExpressionCodegen.visitBlockBody(ExpressionCodegen.kt:137)
	at org.jetbrains.kotlin.ir.expressions.IrBlockBody.accept(IrBlockBody.kt:20)
	at org.jetbrains.kotlin.backend.jvm.codegen.ExpressionCodegen.generate(ExpressionCodegen.kt:239)
	at org.jetbrains.kotlin.backend.jvm.codegen.FunctionCodegen.doGenerate(FunctionCodegen.kt:121)
	at org.jetbrains.kotlin.backend.jvm.codegen.FunctionCodegen.generate(FunctionCodegen.kt:46)
	... 55 more
Caused by: java.lang.IllegalStateException: couldn't find inline method Landroidx/compose/runtime/CompositionLocal;.getCurrent()Ljava/lang/Object;
	at org.jetbrains.kotlin.codegen.inline.SourceCompilerForInlineKt.getMethodNode(SourceCompilerForInline.kt:118)
	at org.jetbrains.kotlin.codegen.inline.SourceCompilerForInlineKt.loadCompiledInlineFunction(SourceCompilerForInline.kt:96)
	at org.jetbrains.kotlin.backend.jvm.codegen.IrSourceCompilerForInline.compileInlineFunction(IrSourceCompilerForInline.kt:91)
	at org.jetbrains.kotlin.codegen.inline.InlineCodegen.compileInline(InlineCodegen.kt:43)
	at org.jetbrains.kotlin.codegen.inline.InlineCodegen.performInline(InlineCodegen.kt:51)
	... 70 more


